[2026-06-04 20:27:27,836] [finn.builder] INFO: Running step: qonnx_to_finn_step [1/24]
[2026-06-04 20:27:27,969] [finn.builder] INFO: Running step: normalize_dataflow_layouts_step [2/24]
[2026-06-04 20:27:27,975] [finn.builder] INFO: Running step: lenet_pre_dataflow_cleanup_step [3/24]
[2026-06-04 20:27:28,066] [finn.builder] INFO: Running step: lenet_streamline_step [4/24]
[2026-06-04 20:27:28,994] [finn.builder] INFO: Running step: lenet_clean_transposes_before_hw_step [5/24]
[2026-06-04 20:27:29,831] [finn.builder] INFO: Running step: lenet_infer_hw_layers_step [6/24]
[2026-06-04 20:27:29,974] [finn.builder] INFO: Running step: lenet_partition_sanity_check_step [7/24]
[2026-06-04 20:27:30,127] [finn.builder] INFO: Running step: step_transpose_decomposition [8/24]
[2026-06-04 20:27:30,129] [finn.builder] INFO: Running step: build_dataflow_graph [9/24]
[2026-06-04 20:27:30,148] [finn.builder] INFO: Running step: specialize_layers_step [10/24]
[2026-06-04 20:27:30,181] [finn.builder] INFO: Running step: lenet_pre_partition_cleanup_step [11/24]
[2026-06-04 20:27:30,473] [finn.builder] INFO: Running step: step_create_dataflow_partition [12/24]
[2026-06-04 20:27:30,491] [finn.builder] INFO: Running step: specialize_layers_step [13/24]
[2026-06-04 20:27:30,508] [finn.builder] INFO: Running step: build_hw_graph [14/24]
[2026-06-04 20:27:30,543] [finn.builder] INFO: Running step: lenet_specialize_remaining_hw_layers_step [15/24]
[2026-06-04 20:27:30,577] [finn.builder] INFO: Running step: target_fps_parallelization_step [16/24]
[2026-06-04 20:27:30,591] [finn.builder] INFO: Running step: apply_parallelization_config_step [17/24]
[2026-06-04 20:27:30,596] [finn.builder] INFO: Running step: step_minimize_bit_width [18/24]
[2026-06-04 20:27:30,606] [finn.builder] ERROR: enable_build_pdb_debug not set in build config, exiting...
[2026-06-04 20:27:30,606] [finn.builder] ERROR: Build failed
[2026-06-04 20:52:01,712] [finn.builder] INFO: Running step: qonnx_to_finn_step [1/24]
[2026-06-04 20:52:01,843] [finn.builder] INFO: Running step: normalize_dataflow_layouts_step [2/24]
[2026-06-04 20:52:01,850] [finn.builder] INFO: Running step: lenet_pre_dataflow_cleanup_step [3/24]
[2026-06-04 20:52:01,948] [finn.builder] INFO: Running step: lenet_streamline_step [4/24]
[2026-06-04 20:52:02,865] [finn.builder] INFO: Running step: lenet_clean_transposes_before_hw_step [5/24]
[2026-06-04 20:52:03,659] [finn.builder] INFO: Running step: lenet_infer_hw_layers_step [6/24]
[2026-06-04 20:52:03,794] [finn.builder] INFO: Running step: lenet_partition_sanity_check_step [7/24]
[2026-06-04 20:52:03,835] [finn.builder] INFO: Running step: step_transpose_decomposition [8/24]
[2026-06-04 20:52:03,838] [finn.builder] INFO: Running step: build_dataflow_graph [9/24]
[2026-06-04 20:52:03,963] [finn.builder] INFO: Running step: specialize_layers_step [10/24]
[2026-06-04 20:52:03,991] [finn.builder] INFO: Running step: lenet_pre_partition_cleanup_step [11/24]
[2026-06-04 20:52:04,166] [finn.builder] INFO: Running step: step_create_dataflow_partition [12/24]
[2026-06-04 20:52:04,182] [finn.builder] INFO: Running step: specialize_layers_step [13/24]
[2026-06-04 20:52:04,306] [finn.builder] INFO: Running step: build_hw_graph [14/24]
[2026-06-04 20:52:04,334] [finn.builder] INFO: Running step: lenet_specialize_remaining_hw_layers_step [15/24]
[2026-06-04 20:52:04,364] [finn.builder] INFO: Running step: target_fps_parallelization_step [16/24]
[2026-06-04 20:52:04,376] [finn.builder] INFO: Running step: apply_parallelization_config_step [17/24]
[2026-06-04 20:52:04,378] [finn.builder] INFO: Running step: step_minimize_bit_width [18/24]
[2026-06-04 20:52:04,442] [finn.builder] INFO: Running step: step_generate_estimate_reports [19/24]
[2026-06-04 20:52:04,466] [finn.builder] INFO: Running step: step_hw_codegen [20/24]
[2026-06-04 20:52:05,324] [finn.builder] INFO: Running step: step_hw_ipgen [21/24]
[2026-06-04 20:53:18,473] [finn.builder] INFO: Running step: step_set_fifo_depths [22/24]
[2026-06-04 20:53:18,649] [finn.builder] INFO: Running step: step_create_stitched_ip [23/24]
[2026-06-04 20:54:01,666] [finn.builder] INFO: Running step: step_measure_rtlsim_performance [24/24]
[2026-06-04 20:54:19,178] [finn.builder] INFO: Completed successfully
