#-----------------------------------------------------------
# Vivado v2024.2 (64-bit)
# SW Build 5239630 on Fri Nov 08 22:34:34 MST 2024
# IP Build 5239520 on Sun Nov 10 16:12:51 MST 2024
# SharedData Build 5239561 on Fri Nov 08 14:39:27 MST 2024
# Start of session at: Thu Jun  4 20:53:19 2026
# Process ID         : 113690
# Current directory  : /home/kirthanar/brainsmith_projects/lenet/build/vivado_stitch_proj_ne6oa2sk
# Command line       : vivado -mode batch -source make_project.tcl
# Log file           : /home/kirthanar/brainsmith_projects/lenet/build/vivado_stitch_proj_ne6oa2sk/vivado.log
# Journal file       : /home/kirthanar/brainsmith_projects/lenet/build/vivado_stitch_proj_ne6oa2sk/vivado.jou
# Running On         : KirthanaR
# Platform           : Ubuntu
# Operating System   : Ubuntu 24.04.4 LTS
# Processor Detail   : AMD Ryzen 9 5900X 12-Core Processor
# CPU Frequency      : 3592.245 MHz
# CPU Physical cores : 12
# CPU Logical cores  : 24
# Host memory        : 67339 MB
# Swap memory        : 8589 MB
# Total Virtual      : 75929 MB
# Available Virtual  : 70279 MB
#-----------------------------------------------------------
INFO: [Common 17-1239] XILINX_LOCAL_USER_DATA is set to 'no'.
source make_project.tcl
# create_project finn_vivado_stitch_proj /home/kirthanar/brainsmith_projects/lenet/build/vivado_stitch_proj_ne6oa2sk -part xc7z020clg400-1
# set_msg_config -id {[BD 41-1753]} -suppress
# set_property ip_repo_paths [list $::env(FINN_ROOT)/finn-rtllib/memstream /home/kirthanar/brainsmith_projects/lenet/build/code_gen_ipgen_StreamingFIFO_rtl_0_mib7ogy0 /home/kirthanar/brainsmith_projects/lenet/build/code_gen_ipgen_Thresholding_rtl_0_3pqhh40p /home/kirthanar/brainsmith_projects/lenet/build/code_gen_ipgen_StreamingFIFO_rtl_1_2wwgy7c6 /home/kirthanar/brainsmith_projects/lenet/build/code_gen_ipgen_FMPadding_rtl_0_04a6i_ub /home/kirthanar/brainsmith_projects/lenet/build/code_gen_ipgen_StreamingFIFO_rtl_2_cddetjns /home/kirthanar/brainsmith_projects/lenet/build/code_gen_ipgen_ConvolutionInputGenerator_rtl_0_hyyv2mek /home/kirthanar/brainsmith_projects/lenet/build/code_gen_ipgen_StreamingFIFO_rtl_3_afy4_640 /home/kirthanar/brainsmith_projects/lenet/build/code_gen_ipgen_MVAU_hls_0_g_q7iax7/project_MVAU_hls_0/sol1/impl/ip /home/kirthanar/brainsmith_projects/lenet/build/code_gen_ipgen_StreamingFIFO_rtl_4_k4g2zor3 /home/kirthanar/brainsmith_projects/lenet/build/code_gen_ipgen_ConvolutionInputGenerator_rtl_1_5z3eest_ /home/kirthanar/brainsmith_projects/lenet/build/code_gen_ipgen_StreamingFIFO_rtl_5_ailuzqfa /home/kirthanar/brainsmith_projects/lenet/build/code_gen_ipgen_MVAU_hls_1_h5t4yekw/project_MVAU_hls_1/sol1/impl/ip /home/kirthanar/brainsmith_projects/lenet/build/code_gen_ipgen_StreamingFIFO_rtl_6_ylzrdyn4 /home/kirthanar/brainsmith_projects/lenet/build/code_gen_ipgen_ConvolutionInputGenerator_rtl_2_66q7q1ef /home/kirthanar/brainsmith_projects/lenet/build/code_gen_ipgen_StreamingFIFO_rtl_7_1aonsugv /home/kirthanar/brainsmith_projects/lenet/build/code_gen_ipgen_MVAU_hls_2_3qegdk2h/project_MVAU_hls_2/sol1/impl/ip /home/kirthanar/brainsmith_projects/lenet/build/code_gen_ipgen_StreamingFIFO_rtl_8_s765jc97 /home/kirthanar/brainsmith_projects/lenet/build/code_gen_ipgen_MVAU_hls_3_b9xuyaww/project_MVAU_hls_3/sol1/impl/ip /home/kirthanar/brainsmith_projects/lenet/build/code_gen_ipgen_StreamingFIFO_rtl_9_f10bvv0y /home/kirthanar/brainsmith_projects/lenet/build/code_gen_ipgen_MVAU_rtl_0_4fpc3udr /home/kirthanar/brainsmith_projects/lenet/build/code_gen_ipgen_StreamingFIFO_rtl_10_8yubflck] [current_project]
# update_ip_catalog
INFO: [IP_Flow 19-234] Refreshing IP repositories
INFO: [IP_Flow 19-1700] Loaded user IP repository '/home/kirthanar/brainsmith/deps/finn/finn-rtllib/memstream'.
INFO: [IP_Flow 19-1700] Loaded user IP repository '/home/kirthanar/brainsmith_projects/lenet/build/code_gen_ipgen_StreamingFIFO_rtl_0_mib7ogy0'.
INFO: [IP_Flow 19-1700] Loaded user IP repository '/home/kirthanar/brainsmith_projects/lenet/build/code_gen_ipgen_Thresholding_rtl_0_3pqhh40p'.
INFO: [IP_Flow 19-1700] Loaded user IP repository '/home/kirthanar/brainsmith_projects/lenet/build/code_gen_ipgen_StreamingFIFO_rtl_1_2wwgy7c6'.
INFO: [IP_Flow 19-1700] Loaded user IP repository '/home/kirthanar/brainsmith_projects/lenet/build/code_gen_ipgen_FMPadding_rtl_0_04a6i_ub'.
INFO: [IP_Flow 19-1700] Loaded user IP repository '/home/kirthanar/brainsmith_projects/lenet/build/code_gen_ipgen_StreamingFIFO_rtl_2_cddetjns'.
INFO: [IP_Flow 19-1700] Loaded user IP repository '/home/kirthanar/brainsmith_projects/lenet/build/code_gen_ipgen_ConvolutionInputGenerator_rtl_0_hyyv2mek'.
INFO: [IP_Flow 19-1700] Loaded user IP repository '/home/kirthanar/brainsmith_projects/lenet/build/code_gen_ipgen_StreamingFIFO_rtl_3_afy4_640'.
INFO: [IP_Flow 19-1700] Loaded user IP repository '/home/kirthanar/brainsmith_projects/lenet/build/code_gen_ipgen_MVAU_hls_0_g_q7iax7/project_MVAU_hls_0/sol1/impl/ip'.
INFO: [IP_Flow 19-1700] Loaded user IP repository '/home/kirthanar/brainsmith_projects/lenet/build/code_gen_ipgen_StreamingFIFO_rtl_4_k4g2zor3'.
INFO: [IP_Flow 19-1700] Loaded user IP repository '/home/kirthanar/brainsmith_projects/lenet/build/code_gen_ipgen_ConvolutionInputGenerator_rtl_1_5z3eest_'.
INFO: [IP_Flow 19-1700] Loaded user IP repository '/home/kirthanar/brainsmith_projects/lenet/build/code_gen_ipgen_StreamingFIFO_rtl_5_ailuzqfa'.
INFO: [IP_Flow 19-1700] Loaded user IP repository '/home/kirthanar/brainsmith_projects/lenet/build/code_gen_ipgen_MVAU_hls_1_h5t4yekw/project_MVAU_hls_1/sol1/impl/ip'.
INFO: [IP_Flow 19-1700] Loaded user IP repository '/home/kirthanar/brainsmith_projects/lenet/build/code_gen_ipgen_StreamingFIFO_rtl_6_ylzrdyn4'.
INFO: [IP_Flow 19-1700] Loaded user IP repository '/home/kirthanar/brainsmith_projects/lenet/build/code_gen_ipgen_ConvolutionInputGenerator_rtl_2_66q7q1ef'.
INFO: [IP_Flow 19-1700] Loaded user IP repository '/home/kirthanar/brainsmith_projects/lenet/build/code_gen_ipgen_StreamingFIFO_rtl_7_1aonsugv'.
INFO: [IP_Flow 19-1700] Loaded user IP repository '/home/kirthanar/brainsmith_projects/lenet/build/code_gen_ipgen_MVAU_hls_2_3qegdk2h/project_MVAU_hls_2/sol1/impl/ip'.
INFO: [IP_Flow 19-1700] Loaded user IP repository '/home/kirthanar/brainsmith_projects/lenet/build/code_gen_ipgen_StreamingFIFO_rtl_8_s765jc97'.
INFO: [IP_Flow 19-1700] Loaded user IP repository '/home/kirthanar/brainsmith_projects/lenet/build/code_gen_ipgen_MVAU_hls_3_b9xuyaww/project_MVAU_hls_3/sol1/impl/ip'.
INFO: [IP_Flow 19-1700] Loaded user IP repository '/home/kirthanar/brainsmith_projects/lenet/build/code_gen_ipgen_StreamingFIFO_rtl_9_f10bvv0y'.
INFO: [IP_Flow 19-1700] Loaded user IP repository '/home/kirthanar/brainsmith_projects/lenet/build/code_gen_ipgen_MVAU_rtl_0_4fpc3udr'.
INFO: [IP_Flow 19-1700] Loaded user IP repository '/home/kirthanar/brainsmith_projects/lenet/build/code_gen_ipgen_StreamingFIFO_rtl_10_8yubflck'.
INFO: [IP_Flow 19-2313] Loaded Vivado IP repository '/tools/Xilinx/Vivado/2024.2/data/ip'.
# create_bd_design finn_design
Wrote  : </home/kirthanar/brainsmith_projects/lenet/build/vivado_stitch_proj_ne6oa2sk/finn_vivado_stitch_proj.srcs/sources_1/bd/finn_design/finn_design.bd> 
# add_files -norecurse /home/kirthanar/brainsmith_projects/lenet/build/code_gen_ipgen_StreamingFIFO_rtl_0_mib7ogy0/Q_srl.v
# add_files -norecurse /home/kirthanar/brainsmith_projects/lenet/build/code_gen_ipgen_StreamingFIFO_rtl_0_mib7ogy0/StreamingFIFO_rtl_0.v
# create_bd_cell -type module -reference StreamingFIFO_rtl_0 StreamingFIFO_rtl_0
INFO: [IP_Flow 19-5107] Inferred bus interface 'ap_clk' of definition 'xilinx.com:signal:clock:1.0' (from X_INTERFACE_INFO parameter from HDL file).
INFO: [IP_Flow 19-5107] Inferred bus interface 'ap_clk' of definition 'xilinx.com:signal:clock:1.0' (from 'X_INTERFACE_INFO' attribute).
INFO: [IP_Flow 19-5107] Inferred bus interface 'in0_V' of definition 'xilinx.com:interface:axis:1.0' (from Xilinx Repository).
INFO: [IP_Flow 19-5107] Inferred bus interface 'out0_V' of definition 'xilinx.com:interface:axis:1.0' (from Xilinx Repository).
INFO: [IP_Flow 19-5107] Inferred bus interface 'ap_rst_n' of definition 'xilinx.com:signal:reset:1.0' (from Xilinx Repository).
INFO: [IP_Flow 19-4728] Bus Interface 'ap_rst_n': Added interface parameter 'POLARITY' with value 'ACTIVE_LOW'.
INFO: [IP_Flow 19-4728] Bus Interface 'ap_clk': Added interface parameter 'ASSOCIATED_RESET' with value 'ap_rst_n'.
INFO: [IP_Flow 19-4728] Bus Interface 'ap_clk': Added interface parameter 'ASSOCIATED_BUSIF' with value 'in0_V'.
WARNING: [IP_Flow 19-11770] Clock interface 'ap_clk' has no FREQ_HZ parameter.
# file mkdir ./ip/verilog/rtl_ops/Thresholding_rtl_0
# add_files -copy_to ./ip/verilog/rtl_ops/Thresholding_rtl_0 -norecurse /home/kirthanar/brainsmith_projects/lenet/build/code_gen_ipgen_Thresholding_rtl_0_3pqhh40p/axilite.sv
# add_files -copy_to ./ip/verilog/rtl_ops/Thresholding_rtl_0 -norecurse /home/kirthanar/brainsmith_projects/lenet/build/code_gen_ipgen_Thresholding_rtl_0_3pqhh40p/thresholding.sv
# add_files -copy_to ./ip/verilog/rtl_ops/Thresholding_rtl_0 -norecurse /home/kirthanar/brainsmith_projects/lenet/build/code_gen_ipgen_Thresholding_rtl_0_3pqhh40p/thresholding_axi.sv
# add_files -copy_to ./ip/verilog/rtl_ops/Thresholding_rtl_0 -norecurse /home/kirthanar/brainsmith_projects/lenet/build/code_gen_ipgen_Thresholding_rtl_0_3pqhh40p/Thresholding_rtl_0.v
# create_bd_cell -type module -reference Thresholding_rtl_0 Thresholding_rtl_0
INFO: [IP_Flow 19-5107] Inferred bus interface 'ap_clk' of definition 'xilinx.com:signal:clock:1.0' (from X_INTERFACE_INFO parameter from HDL file).
INFO: [IP_Flow 19-5107] Inferred bus interface 'ap_clk' of definition 'xilinx.com:signal:clock:1.0' (from 'X_INTERFACE_INFO' attribute).
INFO: [IP_Flow 19-5107] Inferred bus interface 'in0_V' of definition 'xilinx.com:interface:axis:1.0' (from Xilinx Repository).
INFO: [IP_Flow 19-5107] Inferred bus interface 'in1_V' of definition 'xilinx.com:interface:axis:1.0' (from Xilinx Repository).
INFO: [IP_Flow 19-5107] Inferred bus interface 'out0_V' of definition 'xilinx.com:interface:axis:1.0' (from Xilinx Repository).
INFO: [IP_Flow 19-5107] Inferred bus interface 's_axilite' of definition 'xilinx.com:interface:aximm:1.0' (from Xilinx Repository).
INFO: [IP_Flow 19-5107] Inferred bus interface 'ap_rst_n' of definition 'xilinx.com:signal:reset:1.0' (from Xilinx Repository).
INFO: [IP_Flow 19-4728] Bus Interface 'ap_rst_n': Added interface parameter 'POLARITY' with value 'ACTIVE_LOW'.
INFO: [IP_Flow 19-4728] Bus Interface 'ap_clk': Added interface parameter 'ASSOCIATED_RESET' with value 'ap_rst_n'.
INFO: [IP_Flow 19-4728] Bus Interface 'ap_clk': Added interface parameter 'ASSOCIATED_BUSIF' with value 's_axilite'.
WARNING: [IP_Flow 19-11770] Clock interface 'ap_clk' has no FREQ_HZ parameter.
# add_files -norecurse /home/kirthanar/brainsmith_projects/lenet/build/code_gen_ipgen_StreamingFIFO_rtl_1_2wwgy7c6/Q_srl.v
# add_files -norecurse /home/kirthanar/brainsmith_projects/lenet/build/code_gen_ipgen_StreamingFIFO_rtl_1_2wwgy7c6/StreamingFIFO_rtl_1.v
# create_bd_cell -type module -reference StreamingFIFO_rtl_1 StreamingFIFO_rtl_1
INFO: [IP_Flow 19-5107] Inferred bus interface 'ap_clk' of definition 'xilinx.com:signal:clock:1.0' (from X_INTERFACE_INFO parameter from HDL file).
INFO: [IP_Flow 19-5107] Inferred bus interface 'ap_clk' of definition 'xilinx.com:signal:clock:1.0' (from 'X_INTERFACE_INFO' attribute).
INFO: [IP_Flow 19-5107] Inferred bus interface 'in0_V' of definition 'xilinx.com:interface:axis:1.0' (from Xilinx Repository).
INFO: [IP_Flow 19-5107] Inferred bus interface 'out0_V' of definition 'xilinx.com:interface:axis:1.0' (from Xilinx Repository).
INFO: [IP_Flow 19-5107] Inferred bus interface 'ap_rst_n' of definition 'xilinx.com:signal:reset:1.0' (from Xilinx Repository).
INFO: [IP_Flow 19-4728] Bus Interface 'ap_rst_n': Added interface parameter 'POLARITY' with value 'ACTIVE_LOW'.
INFO: [IP_Flow 19-4728] Bus Interface 'ap_clk': Added interface parameter 'ASSOCIATED_RESET' with value 'ap_rst_n'.
INFO: [IP_Flow 19-4728] Bus Interface 'ap_clk': Added interface parameter 'ASSOCIATED_BUSIF' with value 'in0_V'.
WARNING: [IP_Flow 19-11770] Clock interface 'ap_clk' has no FREQ_HZ parameter.
# add_files -norecurse /home/kirthanar/brainsmith_projects/lenet/build/code_gen_ipgen_FMPadding_rtl_0_04a6i_ub/fmpadding_axi.sv
# add_files -norecurse /home/kirthanar/brainsmith_projects/lenet/build/code_gen_ipgen_FMPadding_rtl_0_04a6i_ub/fmpadding.sv
# add_files -norecurse /home/kirthanar/brainsmith_projects/lenet/build/code_gen_ipgen_FMPadding_rtl_0_04a6i_ub/axi2we.sv
# add_files -norecurse /home/kirthanar/brainsmith_projects/lenet/build/code_gen_ipgen_FMPadding_rtl_0_04a6i_ub/FMPadding_rtl_0.v
# create_bd_cell -type module -reference FMPadding_rtl_0 FMPadding_rtl_0
INFO: [IP_Flow 19-5107] Inferred bus interface 'ap_clk' of definition 'xilinx.com:signal:clock:1.0' (from X_INTERFACE_INFO parameter from HDL file).
INFO: [IP_Flow 19-5107] Inferred bus interface 'ap_clk' of definition 'xilinx.com:signal:clock:1.0' (from 'X_INTERFACE_INFO' attribute).
INFO: [IP_Flow 19-5107] Inferred bus interface 'in0_V' of definition 'xilinx.com:interface:axis:1.0' (from Xilinx Repository).
INFO: [IP_Flow 19-5107] Inferred bus interface 'out0_V' of definition 'xilinx.com:interface:axis:1.0' (from Xilinx Repository).
INFO: [IP_Flow 19-5107] Inferred bus interface 's_axilite' of definition 'xilinx.com:interface:aximm:1.0' (from Xilinx Repository).
INFO: [IP_Flow 19-5107] Inferred bus interface 'ap_rst_n' of definition 'xilinx.com:signal:reset:1.0' (from Xilinx Repository).
INFO: [IP_Flow 19-4728] Bus Interface 'ap_rst_n': Added interface parameter 'POLARITY' with value 'ACTIVE_LOW'.
INFO: [IP_Flow 19-4728] Bus Interface 'ap_clk': Added interface parameter 'ASSOCIATED_RESET' with value 'ap_rst_n'.
INFO: [IP_Flow 19-4728] Bus Interface 'ap_clk': Added interface parameter 'ASSOCIATED_BUSIF' with value 'in0_V'.
WARNING: [IP_Flow 19-11770] Clock interface 'ap_clk' has no FREQ_HZ parameter.
# add_files -norecurse /home/kirthanar/brainsmith_projects/lenet/build/code_gen_ipgen_StreamingFIFO_rtl_2_cddetjns/Q_srl.v
# add_files -norecurse /home/kirthanar/brainsmith_projects/lenet/build/code_gen_ipgen_StreamingFIFO_rtl_2_cddetjns/StreamingFIFO_rtl_2.v
# create_bd_cell -type module -reference StreamingFIFO_rtl_2 StreamingFIFO_rtl_2
INFO: [IP_Flow 19-5107] Inferred bus interface 'ap_clk' of definition 'xilinx.com:signal:clock:1.0' (from X_INTERFACE_INFO parameter from HDL file).
INFO: [IP_Flow 19-5107] Inferred bus interface 'ap_clk' of definition 'xilinx.com:signal:clock:1.0' (from 'X_INTERFACE_INFO' attribute).
INFO: [IP_Flow 19-5107] Inferred bus interface 'in0_V' of definition 'xilinx.com:interface:axis:1.0' (from Xilinx Repository).
INFO: [IP_Flow 19-5107] Inferred bus interface 'out0_V' of definition 'xilinx.com:interface:axis:1.0' (from Xilinx Repository).
INFO: [IP_Flow 19-5107] Inferred bus interface 'ap_rst_n' of definition 'xilinx.com:signal:reset:1.0' (from Xilinx Repository).
INFO: [IP_Flow 19-4728] Bus Interface 'ap_rst_n': Added interface parameter 'POLARITY' with value 'ACTIVE_LOW'.
INFO: [IP_Flow 19-4728] Bus Interface 'ap_clk': Added interface parameter 'ASSOCIATED_RESET' with value 'ap_rst_n'.
INFO: [IP_Flow 19-4728] Bus Interface 'ap_clk': Added interface parameter 'ASSOCIATED_BUSIF' with value 'in0_V'.
WARNING: [IP_Flow 19-11770] Clock interface 'ap_clk' has no FREQ_HZ parameter.
# add_files -norecurse /home/kirthanar/brainsmith_projects/lenet/build/code_gen_ipgen_ConvolutionInputGenerator_rtl_0_hyyv2mek/swg_pkg.sv
# add_files -norecurse /home/kirthanar/brainsmith_projects/lenet/build/code_gen_ipgen_ConvolutionInputGenerator_rtl_0_hyyv2mek/ConvolutionInputGenerator_rtl_0_wrapper.v
# add_files -norecurse /home/kirthanar/brainsmith_projects/lenet/build/code_gen_ipgen_ConvolutionInputGenerator_rtl_0_hyyv2mek/ConvolutionInputGenerator_rtl_0_impl.sv
# add_files -norecurse /home/kirthanar/brainsmith_projects/lenet/build/code_gen_ipgen_ConvolutionInputGenerator_rtl_0_hyyv2mek/swg_common.sv
# create_bd_cell -type module -reference ConvolutionInputGenerator_rtl_0 ConvolutionInputGenerator_rtl_0
INFO: [IP_Flow 19-5107] Inferred bus interface 'ap_clk' of definition 'xilinx.com:signal:clock:1.0' (from X_INTERFACE_INFO parameter from HDL file).
INFO: [IP_Flow 19-5107] Inferred bus interface 'ap_clk' of definition 'xilinx.com:signal:clock:1.0' (from 'X_INTERFACE_INFO' attribute).
INFO: [IP_Flow 19-5107] Inferred bus interface 'in0_V' of definition 'xilinx.com:interface:axis:1.0' (from Xilinx Repository).
INFO: [IP_Flow 19-5107] Inferred bus interface 'out0_V' of definition 'xilinx.com:interface:axis:1.0' (from Xilinx Repository).
INFO: [IP_Flow 19-5107] Inferred bus interface 'ap_rst_n' of definition 'xilinx.com:signal:reset:1.0' (from Xilinx Repository).
INFO: [IP_Flow 19-4728] Bus Interface 'ap_rst_n': Added interface parameter 'POLARITY' with value 'ACTIVE_LOW'.
INFO: [IP_Flow 19-4728] Bus Interface 'ap_clk': Added interface parameter 'ASSOCIATED_RESET' with value 'ap_rst_n'.
INFO: [IP_Flow 19-4728] Bus Interface 'ap_clk': Added interface parameter 'ASSOCIATED_BUSIF' with value 'in0_V'.
INFO: [IP_Flow 19-818] Not transferring value dependency attribute "((spirit:decode(id('MODELPARAM_VALUE.BIT_WIDTH')) * spirit:decode(id('MODELPARAM_VALUE.SIMD'))) * spirit:decode(id('MODELPARAM_VALUE.MMV_IN')))" into user parameter "BUF_IN_WIDTH".
INFO: [IP_Flow 19-818] Not transferring value dependency attribute "((spirit:decode(id('MODELPARAM_VALUE.BIT_WIDTH')) * spirit:decode(id('MODELPARAM_VALUE.SIMD'))) * spirit:decode(id('MODELPARAM_VALUE.MMV_OUT')))" into user parameter "BUF_OUT_WIDTH".
WARNING: [IP_Flow 19-11770] Clock interface 'ap_clk' has no FREQ_HZ parameter.
# add_files -norecurse /home/kirthanar/brainsmith_projects/lenet/build/code_gen_ipgen_StreamingFIFO_rtl_3_afy4_640/Q_srl.v
# add_files -norecurse /home/kirthanar/brainsmith_projects/lenet/build/code_gen_ipgen_StreamingFIFO_rtl_3_afy4_640/StreamingFIFO_rtl_3.v
# create_bd_cell -type module -reference StreamingFIFO_rtl_3 StreamingFIFO_rtl_3
INFO: [IP_Flow 19-5107] Inferred bus interface 'ap_clk' of definition 'xilinx.com:signal:clock:1.0' (from X_INTERFACE_INFO parameter from HDL file).
INFO: [IP_Flow 19-5107] Inferred bus interface 'ap_clk' of definition 'xilinx.com:signal:clock:1.0' (from 'X_INTERFACE_INFO' attribute).
INFO: [IP_Flow 19-5107] Inferred bus interface 'in0_V' of definition 'xilinx.com:interface:axis:1.0' (from Xilinx Repository).
INFO: [IP_Flow 19-5107] Inferred bus interface 'out0_V' of definition 'xilinx.com:interface:axis:1.0' (from Xilinx Repository).
INFO: [IP_Flow 19-5107] Inferred bus interface 'ap_rst_n' of definition 'xilinx.com:signal:reset:1.0' (from Xilinx Repository).
INFO: [IP_Flow 19-4728] Bus Interface 'ap_rst_n': Added interface parameter 'POLARITY' with value 'ACTIVE_LOW'.
INFO: [IP_Flow 19-4728] Bus Interface 'ap_clk': Added interface parameter 'ASSOCIATED_RESET' with value 'ap_rst_n'.
INFO: [IP_Flow 19-4728] Bus Interface 'ap_clk': Added interface parameter 'ASSOCIATED_BUSIF' with value 'in0_V'.
WARNING: [IP_Flow 19-11770] Clock interface 'ap_clk' has no FREQ_HZ parameter.
# file mkdir ./ip/verilog/rtl_ops/MVAU_hls_0
# create_bd_cell -type hier MVAU_hls_0
# create_bd_pin -dir I -type clk /MVAU_hls_0/ap_clk
# create_bd_pin -dir I -type rst /MVAU_hls_0/ap_rst_n
# create_bd_intf_pin -mode Master -vlnv xilinx.com:interface:axis_rtl:1.0 /MVAU_hls_0/out0_V
# create_bd_intf_pin -mode Slave -vlnv xilinx.com:interface:axis_rtl:1.0 /MVAU_hls_0/in0_V
# create_bd_cell -type ip -vlnv xilinx.com:hls:MVAU_hls_0:1.0 /MVAU_hls_0/MVAU_hls_0
# add_files -copy_to ./ip/verilog/rtl_ops/MVAU_hls_0 -norecurse /home/kirthanar/brainsmith_projects/lenet/build/code_gen_ipgen_MVAU_hls_0_g_q7iax7/MVAU_hls_0_memstream_wrapper.v
# add_files -copy_to ./ip/verilog/rtl_ops/MVAU_hls_0 -norecurse /home/kirthanar/brainsmith/deps/finn/finn-rtllib/axi/hdl/axilite.sv
# add_files -copy_to ./ip/verilog/rtl_ops/MVAU_hls_0 -norecurse /home/kirthanar/brainsmith/deps/finn/finn-rtllib/memstream/hdl/memstream_axi.sv
# add_files -copy_to ./ip/verilog/rtl_ops/MVAU_hls_0 -norecurse /home/kirthanar/brainsmith/deps/finn/finn-rtllib/memstream/hdl/memstream.sv
# create_bd_cell -type hier -reference MVAU_hls_0_memstream_wrapper /MVAU_hls_0/MVAU_hls_0_wstrm
INFO: [BD 41-1695] Exec TCL: Specified '-reference' and/or '-hier' option will be ignored while creating 'hier' cell 'MVAU_hls_0_wstrm'.
INFO: [IP_Flow 19-5107] Inferred bus interface 'ap_clk' of definition 'xilinx.com:signal:clock:1.0' (from X_INTERFACE_INFO parameter from HDL file).
INFO: [IP_Flow 19-5107] Inferred bus interface 'ap_clk' of definition 'xilinx.com:signal:clock:1.0' (from 'X_INTERFACE_INFO' attribute).
INFO: [IP_Flow 19-5107] Inferred bus interface 'ap_clk2x' of definition 'xilinx.com:signal:clock:1.0' (from X_INTERFACE_INFO parameter from HDL file).
INFO: [IP_Flow 19-5107] Inferred bus interface 'ap_clk2x' of definition 'xilinx.com:signal:clock:1.0' (from 'X_INTERFACE_INFO' attribute).
INFO: [IP_Flow 19-5107] Inferred bus interface 'm_axis_0' of definition 'xilinx.com:interface:axis:1.0' (from Xilinx Repository).
INFO: [IP_Flow 19-5107] Inferred bus interface 's_axis_0' of definition 'xilinx.com:interface:axis:1.0' (from Xilinx Repository).
INFO: [IP_Flow 19-5107] Inferred bus interface 's_axilite' of definition 'xilinx.com:interface:aximm:1.0' (from Xilinx Repository).
INFO: [IP_Flow 19-5107] Inferred bus interface 'ap_rst_n' of definition 'xilinx.com:signal:reset:1.0' (from Xilinx Repository).
INFO: [IP_Flow 19-4728] Bus Interface 'ap_rst_n': Added interface parameter 'POLARITY' with value 'ACTIVE_LOW'.
INFO: [IP_Flow 19-4728] Bus Interface 'ap_clk': Added interface parameter 'ASSOCIATED_BUSIF' with value 's_axilite'.
INFO: [IP_Flow 19-4728] Bus Interface 'ap_clk': Added interface parameter 'ASSOCIATED_RESET' with value 'ap_rst_n'.
INFO: [IP_Flow 19-818] Not transferring value dependency attribute "(spirit:ceil(spirit:log(2,(spirit:decode(id('MODELPARAM_VALUE.DEPTH')) * (2 ** spirit:ceil(spirit:log(2,((spirit:decode(id('MODELPARAM_VALUE.WIDTH')) + 31) / 32))))))) + 2)" into user parameter "AXILITE_ADDR_WIDTH".
INFO: [IP_Flow 19-818] Not transferring value dependency attribute "((spirit:decode(id('MODELPARAM_VALUE.SETS')) > 2) ? spirit:ceil(spirit:log(2,spirit:decode(id('MODELPARAM_VALUE.SETS')))) : 1)" into user parameter "SET_BITS".
WARNING: [IP_Flow 19-11770] Clock interface 'ap_clk' has no FREQ_HZ parameter.
WARNING: [IP_Flow 19-5661] Bus Interface 'ap_clk2x' does not have any bus interfaces associated with it.
WARNING: [IP_Flow 19-11770] Clock interface 'ap_clk2x' has no FREQ_HZ parameter.
# connect_bd_intf_net [get_bd_intf_pins MVAU_hls_0/MVAU_hls_0_wstrm/m_axis_0] [get_bd_intf_pins MVAU_hls_0/MVAU_hls_0/in1_V]
# connect_bd_net [get_bd_pins MVAU_hls_0/ap_rst_n] [get_bd_pins MVAU_hls_0/MVAU_hls_0_wstrm/ap_rst_n]
# connect_bd_net [get_bd_pins MVAU_hls_0/ap_clk] [get_bd_pins MVAU_hls_0/MVAU_hls_0_wstrm/ap_clk]
# connect_bd_net [get_bd_pins MVAU_hls_0/ap_clk] [get_bd_pins MVAU_hls_0/MVAU_hls_0_wstrm/ap_clk2x]
# connect_bd_net [get_bd_pins MVAU_hls_0/ap_rst_n] [get_bd_pins MVAU_hls_0/MVAU_hls_0/ap_rst_n]
# connect_bd_net [get_bd_pins MVAU_hls_0/ap_clk] [get_bd_pins MVAU_hls_0/MVAU_hls_0/ap_clk]
# connect_bd_intf_net [get_bd_intf_pins MVAU_hls_0/in0_V] [get_bd_intf_pins MVAU_hls_0/MVAU_hls_0/in0_V]
# connect_bd_intf_net [get_bd_intf_pins MVAU_hls_0/out0_V] [get_bd_intf_pins MVAU_hls_0/MVAU_hls_0/out0_V]
# save_bd_design
Wrote  : </home/kirthanar/brainsmith_projects/lenet/build/vivado_stitch_proj_ne6oa2sk/finn_vivado_stitch_proj.srcs/sources_1/bd/finn_design/finn_design.bd> 
# add_files -norecurse /home/kirthanar/brainsmith_projects/lenet/build/code_gen_ipgen_StreamingFIFO_rtl_4_k4g2zor3/Q_srl.v
# add_files -norecurse /home/kirthanar/brainsmith_projects/lenet/build/code_gen_ipgen_StreamingFIFO_rtl_4_k4g2zor3/StreamingFIFO_rtl_4.v
# create_bd_cell -type module -reference StreamingFIFO_rtl_4 StreamingFIFO_rtl_4
INFO: [IP_Flow 19-5107] Inferred bus interface 'ap_clk' of definition 'xilinx.com:signal:clock:1.0' (from X_INTERFACE_INFO parameter from HDL file).
INFO: [IP_Flow 19-5107] Inferred bus interface 'ap_clk' of definition 'xilinx.com:signal:clock:1.0' (from 'X_INTERFACE_INFO' attribute).
INFO: [IP_Flow 19-5107] Inferred bus interface 'in0_V' of definition 'xilinx.com:interface:axis:1.0' (from Xilinx Repository).
INFO: [IP_Flow 19-5107] Inferred bus interface 'out0_V' of definition 'xilinx.com:interface:axis:1.0' (from Xilinx Repository).
INFO: [IP_Flow 19-5107] Inferred bus interface 'ap_rst_n' of definition 'xilinx.com:signal:reset:1.0' (from Xilinx Repository).
INFO: [IP_Flow 19-4728] Bus Interface 'ap_rst_n': Added interface parameter 'POLARITY' with value 'ACTIVE_LOW'.
INFO: [IP_Flow 19-4728] Bus Interface 'ap_clk': Added interface parameter 'ASSOCIATED_RESET' with value 'ap_rst_n'.
INFO: [IP_Flow 19-4728] Bus Interface 'ap_clk': Added interface parameter 'ASSOCIATED_BUSIF' with value 'in0_V'.
WARNING: [IP_Flow 19-11770] Clock interface 'ap_clk' has no FREQ_HZ parameter.
# add_files -norecurse /home/kirthanar/brainsmith_projects/lenet/build/code_gen_ipgen_ConvolutionInputGenerator_rtl_1_5z3eest_/swg_pkg.sv
# add_files -norecurse /home/kirthanar/brainsmith_projects/lenet/build/code_gen_ipgen_ConvolutionInputGenerator_rtl_1_5z3eest_/ConvolutionInputGenerator_rtl_1_wrapper.v
# add_files -norecurse /home/kirthanar/brainsmith_projects/lenet/build/code_gen_ipgen_ConvolutionInputGenerator_rtl_1_5z3eest_/ConvolutionInputGenerator_rtl_1_impl.sv
# add_files -norecurse /home/kirthanar/brainsmith_projects/lenet/build/code_gen_ipgen_ConvolutionInputGenerator_rtl_1_5z3eest_/swg_common.sv
# create_bd_cell -type module -reference ConvolutionInputGenerator_rtl_1 ConvolutionInputGenerator_rtl_1
INFO: [IP_Flow 19-5107] Inferred bus interface 'ap_clk' of definition 'xilinx.com:signal:clock:1.0' (from X_INTERFACE_INFO parameter from HDL file).
INFO: [IP_Flow 19-5107] Inferred bus interface 'ap_clk' of definition 'xilinx.com:signal:clock:1.0' (from 'X_INTERFACE_INFO' attribute).
INFO: [IP_Flow 19-5107] Inferred bus interface 'in0_V' of definition 'xilinx.com:interface:axis:1.0' (from Xilinx Repository).
INFO: [IP_Flow 19-5107] Inferred bus interface 'out0_V' of definition 'xilinx.com:interface:axis:1.0' (from Xilinx Repository).
INFO: [IP_Flow 19-5107] Inferred bus interface 'ap_rst_n' of definition 'xilinx.com:signal:reset:1.0' (from Xilinx Repository).
INFO: [IP_Flow 19-4728] Bus Interface 'ap_rst_n': Added interface parameter 'POLARITY' with value 'ACTIVE_LOW'.
INFO: [IP_Flow 19-4728] Bus Interface 'ap_clk': Added interface parameter 'ASSOCIATED_RESET' with value 'ap_rst_n'.
INFO: [IP_Flow 19-4728] Bus Interface 'ap_clk': Added interface parameter 'ASSOCIATED_BUSIF' with value 'in0_V'.
INFO: [IP_Flow 19-818] Not transferring value dependency attribute "((spirit:decode(id('MODELPARAM_VALUE.BIT_WIDTH')) * spirit:decode(id('MODELPARAM_VALUE.SIMD'))) * spirit:decode(id('MODELPARAM_VALUE.MMV_IN')))" into user parameter "BUF_IN_WIDTH".
INFO: [IP_Flow 19-818] Not transferring value dependency attribute "((spirit:decode(id('MODELPARAM_VALUE.BIT_WIDTH')) * spirit:decode(id('MODELPARAM_VALUE.SIMD'))) * spirit:decode(id('MODELPARAM_VALUE.MMV_OUT')))" into user parameter "BUF_OUT_WIDTH".
WARNING: [IP_Flow 19-11770] Clock interface 'ap_clk' has no FREQ_HZ parameter.
# add_files -norecurse /home/kirthanar/brainsmith_projects/lenet/build/code_gen_ipgen_StreamingFIFO_rtl_5_ailuzqfa/Q_srl.v
# add_files -norecurse /home/kirthanar/brainsmith_projects/lenet/build/code_gen_ipgen_StreamingFIFO_rtl_5_ailuzqfa/StreamingFIFO_rtl_5.v
# create_bd_cell -type module -reference StreamingFIFO_rtl_5 StreamingFIFO_rtl_5
INFO: [IP_Flow 19-5107] Inferred bus interface 'ap_clk' of definition 'xilinx.com:signal:clock:1.0' (from X_INTERFACE_INFO parameter from HDL file).
INFO: [IP_Flow 19-5107] Inferred bus interface 'ap_clk' of definition 'xilinx.com:signal:clock:1.0' (from 'X_INTERFACE_INFO' attribute).
INFO: [IP_Flow 19-5107] Inferred bus interface 'in0_V' of definition 'xilinx.com:interface:axis:1.0' (from Xilinx Repository).
INFO: [IP_Flow 19-5107] Inferred bus interface 'out0_V' of definition 'xilinx.com:interface:axis:1.0' (from Xilinx Repository).
INFO: [IP_Flow 19-5107] Inferred bus interface 'ap_rst_n' of definition 'xilinx.com:signal:reset:1.0' (from Xilinx Repository).
INFO: [IP_Flow 19-4728] Bus Interface 'ap_rst_n': Added interface parameter 'POLARITY' with value 'ACTIVE_LOW'.
INFO: [IP_Flow 19-4728] Bus Interface 'ap_clk': Added interface parameter 'ASSOCIATED_RESET' with value 'ap_rst_n'.
INFO: [IP_Flow 19-4728] Bus Interface 'ap_clk': Added interface parameter 'ASSOCIATED_BUSIF' with value 'in0_V'.
WARNING: [IP_Flow 19-11770] Clock interface 'ap_clk' has no FREQ_HZ parameter.
# file mkdir ./ip/verilog/rtl_ops/MVAU_hls_1
# create_bd_cell -type hier MVAU_hls_1
# create_bd_pin -dir I -type clk /MVAU_hls_1/ap_clk
# create_bd_pin -dir I -type rst /MVAU_hls_1/ap_rst_n
# create_bd_intf_pin -mode Master -vlnv xilinx.com:interface:axis_rtl:1.0 /MVAU_hls_1/out0_V
# create_bd_intf_pin -mode Slave -vlnv xilinx.com:interface:axis_rtl:1.0 /MVAU_hls_1/in0_V
# create_bd_cell -type ip -vlnv xilinx.com:hls:MVAU_hls_1:1.0 /MVAU_hls_1/MVAU_hls_1
# add_files -copy_to ./ip/verilog/rtl_ops/MVAU_hls_1 -norecurse /home/kirthanar/brainsmith_projects/lenet/build/code_gen_ipgen_MVAU_hls_1_h5t4yekw/MVAU_hls_1_memstream_wrapper.v
# add_files -copy_to ./ip/verilog/rtl_ops/MVAU_hls_1 -norecurse /home/kirthanar/brainsmith/deps/finn/finn-rtllib/axi/hdl/axilite.sv
# add_files -copy_to ./ip/verilog/rtl_ops/MVAU_hls_1 -norecurse /home/kirthanar/brainsmith/deps/finn/finn-rtllib/memstream/hdl/memstream_axi.sv
# add_files -copy_to ./ip/verilog/rtl_ops/MVAU_hls_1 -norecurse /home/kirthanar/brainsmith/deps/finn/finn-rtllib/memstream/hdl/memstream.sv
# create_bd_cell -type hier -reference MVAU_hls_1_memstream_wrapper /MVAU_hls_1/MVAU_hls_1_wstrm
INFO: [BD 41-1695] Exec TCL: Specified '-reference' and/or '-hier' option will be ignored while creating 'hier' cell 'MVAU_hls_1_wstrm'.
INFO: [IP_Flow 19-5107] Inferred bus interface 'ap_clk' of definition 'xilinx.com:signal:clock:1.0' (from X_INTERFACE_INFO parameter from HDL file).
INFO: [IP_Flow 19-5107] Inferred bus interface 'ap_clk' of definition 'xilinx.com:signal:clock:1.0' (from 'X_INTERFACE_INFO' attribute).
INFO: [IP_Flow 19-5107] Inferred bus interface 'ap_clk2x' of definition 'xilinx.com:signal:clock:1.0' (from X_INTERFACE_INFO parameter from HDL file).
INFO: [IP_Flow 19-5107] Inferred bus interface 'ap_clk2x' of definition 'xilinx.com:signal:clock:1.0' (from 'X_INTERFACE_INFO' attribute).
INFO: [IP_Flow 19-5107] Inferred bus interface 'm_axis_0' of definition 'xilinx.com:interface:axis:1.0' (from Xilinx Repository).
INFO: [IP_Flow 19-5107] Inferred bus interface 's_axis_0' of definition 'xilinx.com:interface:axis:1.0' (from Xilinx Repository).
INFO: [IP_Flow 19-5107] Inferred bus interface 's_axilite' of definition 'xilinx.com:interface:aximm:1.0' (from Xilinx Repository).
INFO: [IP_Flow 19-5107] Inferred bus interface 'ap_rst_n' of definition 'xilinx.com:signal:reset:1.0' (from Xilinx Repository).
INFO: [IP_Flow 19-4728] Bus Interface 'ap_rst_n': Added interface parameter 'POLARITY' with value 'ACTIVE_LOW'.
INFO: [IP_Flow 19-4728] Bus Interface 'ap_clk': Added interface parameter 'ASSOCIATED_BUSIF' with value 's_axilite'.
INFO: [IP_Flow 19-4728] Bus Interface 'ap_clk': Added interface parameter 'ASSOCIATED_RESET' with value 'ap_rst_n'.
INFO: [IP_Flow 19-818] Not transferring value dependency attribute "(spirit:ceil(spirit:log(2,(spirit:decode(id('MODELPARAM_VALUE.DEPTH')) * (2 ** spirit:ceil(spirit:log(2,((spirit:decode(id('MODELPARAM_VALUE.WIDTH')) + 31) / 32))))))) + 2)" into user parameter "AXILITE_ADDR_WIDTH".
INFO: [IP_Flow 19-818] Not transferring value dependency attribute "((spirit:decode(id('MODELPARAM_VALUE.SETS')) > 2) ? spirit:ceil(spirit:log(2,spirit:decode(id('MODELPARAM_VALUE.SETS')))) : 1)" into user parameter "SET_BITS".
WARNING: [IP_Flow 19-11770] Clock interface 'ap_clk' has no FREQ_HZ parameter.
WARNING: [IP_Flow 19-5661] Bus Interface 'ap_clk2x' does not have any bus interfaces associated with it.
WARNING: [IP_Flow 19-11770] Clock interface 'ap_clk2x' has no FREQ_HZ parameter.
# connect_bd_intf_net [get_bd_intf_pins MVAU_hls_1/MVAU_hls_1_wstrm/m_axis_0] [get_bd_intf_pins MVAU_hls_1/MVAU_hls_1/in1_V]
# connect_bd_net [get_bd_pins MVAU_hls_1/ap_rst_n] [get_bd_pins MVAU_hls_1/MVAU_hls_1_wstrm/ap_rst_n]
# connect_bd_net [get_bd_pins MVAU_hls_1/ap_clk] [get_bd_pins MVAU_hls_1/MVAU_hls_1_wstrm/ap_clk]
# connect_bd_net [get_bd_pins MVAU_hls_1/ap_clk] [get_bd_pins MVAU_hls_1/MVAU_hls_1_wstrm/ap_clk2x]
# connect_bd_net [get_bd_pins MVAU_hls_1/ap_rst_n] [get_bd_pins MVAU_hls_1/MVAU_hls_1/ap_rst_n]
# connect_bd_net [get_bd_pins MVAU_hls_1/ap_clk] [get_bd_pins MVAU_hls_1/MVAU_hls_1/ap_clk]
# connect_bd_intf_net [get_bd_intf_pins MVAU_hls_1/in0_V] [get_bd_intf_pins MVAU_hls_1/MVAU_hls_1/in0_V]
# connect_bd_intf_net [get_bd_intf_pins MVAU_hls_1/out0_V] [get_bd_intf_pins MVAU_hls_1/MVAU_hls_1/out0_V]
# save_bd_design
Wrote  : </home/kirthanar/brainsmith_projects/lenet/build/vivado_stitch_proj_ne6oa2sk/finn_vivado_stitch_proj.srcs/sources_1/bd/finn_design/finn_design.bd> 
# add_files -norecurse /home/kirthanar/brainsmith_projects/lenet/build/code_gen_ipgen_StreamingFIFO_rtl_6_ylzrdyn4/Q_srl.v
# add_files -norecurse /home/kirthanar/brainsmith_projects/lenet/build/code_gen_ipgen_StreamingFIFO_rtl_6_ylzrdyn4/StreamingFIFO_rtl_6.v
# create_bd_cell -type module -reference StreamingFIFO_rtl_6 StreamingFIFO_rtl_6
INFO: [IP_Flow 19-5107] Inferred bus interface 'ap_clk' of definition 'xilinx.com:signal:clock:1.0' (from X_INTERFACE_INFO parameter from HDL file).
INFO: [IP_Flow 19-5107] Inferred bus interface 'ap_clk' of definition 'xilinx.com:signal:clock:1.0' (from 'X_INTERFACE_INFO' attribute).
INFO: [IP_Flow 19-5107] Inferred bus interface 'in0_V' of definition 'xilinx.com:interface:axis:1.0' (from Xilinx Repository).
INFO: [IP_Flow 19-5107] Inferred bus interface 'out0_V' of definition 'xilinx.com:interface:axis:1.0' (from Xilinx Repository).
INFO: [IP_Flow 19-5107] Inferred bus interface 'ap_rst_n' of definition 'xilinx.com:signal:reset:1.0' (from Xilinx Repository).
INFO: [IP_Flow 19-4728] Bus Interface 'ap_rst_n': Added interface parameter 'POLARITY' with value 'ACTIVE_LOW'.
INFO: [IP_Flow 19-4728] Bus Interface 'ap_clk': Added interface parameter 'ASSOCIATED_RESET' with value 'ap_rst_n'.
INFO: [IP_Flow 19-4728] Bus Interface 'ap_clk': Added interface parameter 'ASSOCIATED_BUSIF' with value 'in0_V'.
WARNING: [IP_Flow 19-11770] Clock interface 'ap_clk' has no FREQ_HZ parameter.
# add_files -norecurse /home/kirthanar/brainsmith_projects/lenet/build/code_gen_ipgen_ConvolutionInputGenerator_rtl_2_66q7q1ef/swg_pkg.sv
# add_files -norecurse /home/kirthanar/brainsmith_projects/lenet/build/code_gen_ipgen_ConvolutionInputGenerator_rtl_2_66q7q1ef/ConvolutionInputGenerator_rtl_2_wrapper.v
# add_files -norecurse /home/kirthanar/brainsmith_projects/lenet/build/code_gen_ipgen_ConvolutionInputGenerator_rtl_2_66q7q1ef/ConvolutionInputGenerator_rtl_2_impl.sv
# add_files -norecurse /home/kirthanar/brainsmith_projects/lenet/build/code_gen_ipgen_ConvolutionInputGenerator_rtl_2_66q7q1ef/swg_common.sv
# create_bd_cell -type module -reference ConvolutionInputGenerator_rtl_2 ConvolutionInputGenerator_rtl_2
INFO: [IP_Flow 19-5107] Inferred bus interface 'ap_clk' of definition 'xilinx.com:signal:clock:1.0' (from X_INTERFACE_INFO parameter from HDL file).
INFO: [IP_Flow 19-5107] Inferred bus interface 'ap_clk' of definition 'xilinx.com:signal:clock:1.0' (from 'X_INTERFACE_INFO' attribute).
INFO: [IP_Flow 19-5107] Inferred bus interface 'in0_V' of definition 'xilinx.com:interface:axis:1.0' (from Xilinx Repository).
INFO: [IP_Flow 19-5107] Inferred bus interface 'out0_V' of definition 'xilinx.com:interface:axis:1.0' (from Xilinx Repository).
INFO: [IP_Flow 19-5107] Inferred bus interface 'ap_rst_n' of definition 'xilinx.com:signal:reset:1.0' (from Xilinx Repository).
INFO: [IP_Flow 19-4728] Bus Interface 'ap_rst_n': Added interface parameter 'POLARITY' with value 'ACTIVE_LOW'.
INFO: [IP_Flow 19-4728] Bus Interface 'ap_clk': Added interface parameter 'ASSOCIATED_RESET' with value 'ap_rst_n'.
INFO: [IP_Flow 19-4728] Bus Interface 'ap_clk': Added interface parameter 'ASSOCIATED_BUSIF' with value 'in0_V'.
INFO: [IP_Flow 19-818] Not transferring value dependency attribute "((spirit:decode(id('MODELPARAM_VALUE.BIT_WIDTH')) * spirit:decode(id('MODELPARAM_VALUE.SIMD'))) * spirit:decode(id('MODELPARAM_VALUE.MMV_IN')))" into user parameter "BUF_IN_WIDTH".
INFO: [IP_Flow 19-818] Not transferring value dependency attribute "((spirit:decode(id('MODELPARAM_VALUE.BIT_WIDTH')) * spirit:decode(id('MODELPARAM_VALUE.SIMD'))) * spirit:decode(id('MODELPARAM_VALUE.MMV_OUT')))" into user parameter "BUF_OUT_WIDTH".
WARNING: [IP_Flow 19-11770] Clock interface 'ap_clk' has no FREQ_HZ parameter.
# add_files -norecurse /home/kirthanar/brainsmith_projects/lenet/build/code_gen_ipgen_StreamingFIFO_rtl_7_1aonsugv/Q_srl.v
# add_files -norecurse /home/kirthanar/brainsmith_projects/lenet/build/code_gen_ipgen_StreamingFIFO_rtl_7_1aonsugv/StreamingFIFO_rtl_7.v
# create_bd_cell -type module -reference StreamingFIFO_rtl_7 StreamingFIFO_rtl_7
INFO: [IP_Flow 19-5107] Inferred bus interface 'ap_clk' of definition 'xilinx.com:signal:clock:1.0' (from X_INTERFACE_INFO parameter from HDL file).
INFO: [IP_Flow 19-5107] Inferred bus interface 'ap_clk' of definition 'xilinx.com:signal:clock:1.0' (from 'X_INTERFACE_INFO' attribute).
INFO: [IP_Flow 19-5107] Inferred bus interface 'in0_V' of definition 'xilinx.com:interface:axis:1.0' (from Xilinx Repository).
INFO: [IP_Flow 19-5107] Inferred bus interface 'out0_V' of definition 'xilinx.com:interface:axis:1.0' (from Xilinx Repository).
INFO: [IP_Flow 19-5107] Inferred bus interface 'ap_rst_n' of definition 'xilinx.com:signal:reset:1.0' (from Xilinx Repository).
INFO: [IP_Flow 19-4728] Bus Interface 'ap_rst_n': Added interface parameter 'POLARITY' with value 'ACTIVE_LOW'.
INFO: [IP_Flow 19-4728] Bus Interface 'ap_clk': Added interface parameter 'ASSOCIATED_RESET' with value 'ap_rst_n'.
INFO: [IP_Flow 19-4728] Bus Interface 'ap_clk': Added interface parameter 'ASSOCIATED_BUSIF' with value 'in0_V'.
WARNING: [IP_Flow 19-11770] Clock interface 'ap_clk' has no FREQ_HZ parameter.
# file mkdir ./ip/verilog/rtl_ops/MVAU_hls_2
# create_bd_cell -type hier MVAU_hls_2
# create_bd_pin -dir I -type clk /MVAU_hls_2/ap_clk
# create_bd_pin -dir I -type rst /MVAU_hls_2/ap_rst_n
# create_bd_intf_pin -mode Master -vlnv xilinx.com:interface:axis_rtl:1.0 /MVAU_hls_2/out0_V
# create_bd_intf_pin -mode Slave -vlnv xilinx.com:interface:axis_rtl:1.0 /MVAU_hls_2/in0_V
# create_bd_cell -type ip -vlnv xilinx.com:hls:MVAU_hls_2:1.0 /MVAU_hls_2/MVAU_hls_2
# add_files -copy_to ./ip/verilog/rtl_ops/MVAU_hls_2 -norecurse /home/kirthanar/brainsmith_projects/lenet/build/code_gen_ipgen_MVAU_hls_2_3qegdk2h/MVAU_hls_2_memstream_wrapper.v
# add_files -copy_to ./ip/verilog/rtl_ops/MVAU_hls_2 -norecurse /home/kirthanar/brainsmith/deps/finn/finn-rtllib/axi/hdl/axilite.sv
# add_files -copy_to ./ip/verilog/rtl_ops/MVAU_hls_2 -norecurse /home/kirthanar/brainsmith/deps/finn/finn-rtllib/memstream/hdl/memstream_axi.sv
# add_files -copy_to ./ip/verilog/rtl_ops/MVAU_hls_2 -norecurse /home/kirthanar/brainsmith/deps/finn/finn-rtllib/memstream/hdl/memstream.sv
# create_bd_cell -type hier -reference MVAU_hls_2_memstream_wrapper /MVAU_hls_2/MVAU_hls_2_wstrm
INFO: [BD 41-1695] Exec TCL: Specified '-reference' and/or '-hier' option will be ignored while creating 'hier' cell 'MVAU_hls_2_wstrm'.
INFO: [IP_Flow 19-5107] Inferred bus interface 'ap_clk' of definition 'xilinx.com:signal:clock:1.0' (from X_INTERFACE_INFO parameter from HDL file).
INFO: [IP_Flow 19-5107] Inferred bus interface 'ap_clk' of definition 'xilinx.com:signal:clock:1.0' (from 'X_INTERFACE_INFO' attribute).
INFO: [IP_Flow 19-5107] Inferred bus interface 'ap_clk2x' of definition 'xilinx.com:signal:clock:1.0' (from X_INTERFACE_INFO parameter from HDL file).
INFO: [IP_Flow 19-5107] Inferred bus interface 'ap_clk2x' of definition 'xilinx.com:signal:clock:1.0' (from 'X_INTERFACE_INFO' attribute).
INFO: [IP_Flow 19-5107] Inferred bus interface 'm_axis_0' of definition 'xilinx.com:interface:axis:1.0' (from Xilinx Repository).
INFO: [IP_Flow 19-5107] Inferred bus interface 's_axis_0' of definition 'xilinx.com:interface:axis:1.0' (from Xilinx Repository).
INFO: [IP_Flow 19-5107] Inferred bus interface 's_axilite' of definition 'xilinx.com:interface:aximm:1.0' (from Xilinx Repository).
INFO: [IP_Flow 19-5107] Inferred bus interface 'ap_rst_n' of definition 'xilinx.com:signal:reset:1.0' (from Xilinx Repository).
INFO: [IP_Flow 19-4728] Bus Interface 'ap_rst_n': Added interface parameter 'POLARITY' with value 'ACTIVE_LOW'.
INFO: [IP_Flow 19-4728] Bus Interface 'ap_clk': Added interface parameter 'ASSOCIATED_BUSIF' with value 's_axilite'.
INFO: [IP_Flow 19-4728] Bus Interface 'ap_clk': Added interface parameter 'ASSOCIATED_RESET' with value 'ap_rst_n'.
INFO: [IP_Flow 19-818] Not transferring value dependency attribute "(spirit:ceil(spirit:log(2,(spirit:decode(id('MODELPARAM_VALUE.DEPTH')) * (2 ** spirit:ceil(spirit:log(2,((spirit:decode(id('MODELPARAM_VALUE.WIDTH')) + 31) / 32))))))) + 2)" into user parameter "AXILITE_ADDR_WIDTH".
INFO: [IP_Flow 19-818] Not transferring value dependency attribute "((spirit:decode(id('MODELPARAM_VALUE.SETS')) > 2) ? spirit:ceil(spirit:log(2,spirit:decode(id('MODELPARAM_VALUE.SETS')))) : 1)" into user parameter "SET_BITS".
WARNING: [IP_Flow 19-11770] Clock interface 'ap_clk' has no FREQ_HZ parameter.
WARNING: [IP_Flow 19-5661] Bus Interface 'ap_clk2x' does not have any bus interfaces associated with it.
WARNING: [IP_Flow 19-11770] Clock interface 'ap_clk2x' has no FREQ_HZ parameter.
# connect_bd_intf_net [get_bd_intf_pins MVAU_hls_2/MVAU_hls_2_wstrm/m_axis_0] [get_bd_intf_pins MVAU_hls_2/MVAU_hls_2/in1_V]
# connect_bd_net [get_bd_pins MVAU_hls_2/ap_rst_n] [get_bd_pins MVAU_hls_2/MVAU_hls_2_wstrm/ap_rst_n]
# connect_bd_net [get_bd_pins MVAU_hls_2/ap_clk] [get_bd_pins MVAU_hls_2/MVAU_hls_2_wstrm/ap_clk]
# connect_bd_net [get_bd_pins MVAU_hls_2/ap_clk] [get_bd_pins MVAU_hls_2/MVAU_hls_2_wstrm/ap_clk2x]
# connect_bd_net [get_bd_pins MVAU_hls_2/ap_rst_n] [get_bd_pins MVAU_hls_2/MVAU_hls_2/ap_rst_n]
# connect_bd_net [get_bd_pins MVAU_hls_2/ap_clk] [get_bd_pins MVAU_hls_2/MVAU_hls_2/ap_clk]
# connect_bd_intf_net [get_bd_intf_pins MVAU_hls_2/in0_V] [get_bd_intf_pins MVAU_hls_2/MVAU_hls_2/in0_V]
# connect_bd_intf_net [get_bd_intf_pins MVAU_hls_2/out0_V] [get_bd_intf_pins MVAU_hls_2/MVAU_hls_2/out0_V]
# save_bd_design
Wrote  : </home/kirthanar/brainsmith_projects/lenet/build/vivado_stitch_proj_ne6oa2sk/finn_vivado_stitch_proj.srcs/sources_1/bd/finn_design/finn_design.bd> 
# add_files -norecurse /home/kirthanar/brainsmith_projects/lenet/build/code_gen_ipgen_StreamingFIFO_rtl_8_s765jc97/Q_srl.v
# add_files -norecurse /home/kirthanar/brainsmith_projects/lenet/build/code_gen_ipgen_StreamingFIFO_rtl_8_s765jc97/StreamingFIFO_rtl_8.v
CRITICAL WARNING: [Vivado 12-3645] Please note that adding or importing multiple files, one at a time, can be performance intensive.  Both add_files and import_files commands accept multiple files as input, and passing a collection of multiple files to a single add_files or import_files commands can offer significant performance improvement.
# create_bd_cell -type module -reference StreamingFIFO_rtl_8 StreamingFIFO_rtl_8
INFO: [IP_Flow 19-5107] Inferred bus interface 'ap_clk' of definition 'xilinx.com:signal:clock:1.0' (from X_INTERFACE_INFO parameter from HDL file).
INFO: [IP_Flow 19-5107] Inferred bus interface 'ap_clk' of definition 'xilinx.com:signal:clock:1.0' (from 'X_INTERFACE_INFO' attribute).
INFO: [IP_Flow 19-5107] Inferred bus interface 'in0_V' of definition 'xilinx.com:interface:axis:1.0' (from Xilinx Repository).
INFO: [IP_Flow 19-5107] Inferred bus interface 'out0_V' of definition 'xilinx.com:interface:axis:1.0' (from Xilinx Repository).
INFO: [IP_Flow 19-5107] Inferred bus interface 'ap_rst_n' of definition 'xilinx.com:signal:reset:1.0' (from Xilinx Repository).
INFO: [IP_Flow 19-4728] Bus Interface 'ap_rst_n': Added interface parameter 'POLARITY' with value 'ACTIVE_LOW'.
INFO: [IP_Flow 19-4728] Bus Interface 'ap_clk': Added interface parameter 'ASSOCIATED_RESET' with value 'ap_rst_n'.
INFO: [IP_Flow 19-4728] Bus Interface 'ap_clk': Added interface parameter 'ASSOCIATED_BUSIF' with value 'in0_V'.
WARNING: [IP_Flow 19-11770] Clock interface 'ap_clk' has no FREQ_HZ parameter.
# file mkdir ./ip/verilog/rtl_ops/MVAU_hls_3
# create_bd_cell -type hier MVAU_hls_3
# create_bd_pin -dir I -type clk /MVAU_hls_3/ap_clk
# create_bd_pin -dir I -type rst /MVAU_hls_3/ap_rst_n
# create_bd_intf_pin -mode Master -vlnv xilinx.com:interface:axis_rtl:1.0 /MVAU_hls_3/out0_V
# create_bd_intf_pin -mode Slave -vlnv xilinx.com:interface:axis_rtl:1.0 /MVAU_hls_3/in0_V
# create_bd_cell -type ip -vlnv xilinx.com:hls:MVAU_hls_3:1.0 /MVAU_hls_3/MVAU_hls_3
# add_files -copy_to ./ip/verilog/rtl_ops/MVAU_hls_3 -norecurse /home/kirthanar/brainsmith_projects/lenet/build/code_gen_ipgen_MVAU_hls_3_b9xuyaww/MVAU_hls_3_memstream_wrapper.v
# add_files -copy_to ./ip/verilog/rtl_ops/MVAU_hls_3 -norecurse /home/kirthanar/brainsmith/deps/finn/finn-rtllib/axi/hdl/axilite.sv
# add_files -copy_to ./ip/verilog/rtl_ops/MVAU_hls_3 -norecurse /home/kirthanar/brainsmith/deps/finn/finn-rtllib/memstream/hdl/memstream_axi.sv
# add_files -copy_to ./ip/verilog/rtl_ops/MVAU_hls_3 -norecurse /home/kirthanar/brainsmith/deps/finn/finn-rtllib/memstream/hdl/memstream.sv
# create_bd_cell -type hier -reference MVAU_hls_3_memstream_wrapper /MVAU_hls_3/MVAU_hls_3_wstrm
INFO: [BD 41-1695] Exec TCL: Specified '-reference' and/or '-hier' option will be ignored while creating 'hier' cell 'MVAU_hls_3_wstrm'.
INFO: [IP_Flow 19-5107] Inferred bus interface 'ap_clk' of definition 'xilinx.com:signal:clock:1.0' (from X_INTERFACE_INFO parameter from HDL file).
INFO: [IP_Flow 19-5107] Inferred bus interface 'ap_clk' of definition 'xilinx.com:signal:clock:1.0' (from 'X_INTERFACE_INFO' attribute).
INFO: [IP_Flow 19-5107] Inferred bus interface 'ap_clk2x' of definition 'xilinx.com:signal:clock:1.0' (from X_INTERFACE_INFO parameter from HDL file).
INFO: [IP_Flow 19-5107] Inferred bus interface 'ap_clk2x' of definition 'xilinx.com:signal:clock:1.0' (from 'X_INTERFACE_INFO' attribute).
INFO: [IP_Flow 19-5107] Inferred bus interface 'm_axis_0' of definition 'xilinx.com:interface:axis:1.0' (from Xilinx Repository).
INFO: [IP_Flow 19-5107] Inferred bus interface 's_axis_0' of definition 'xilinx.com:interface:axis:1.0' (from Xilinx Repository).
INFO: [IP_Flow 19-5107] Inferred bus interface 's_axilite' of definition 'xilinx.com:interface:aximm:1.0' (from Xilinx Repository).
INFO: [IP_Flow 19-5107] Inferred bus interface 'ap_rst_n' of definition 'xilinx.com:signal:reset:1.0' (from Xilinx Repository).
INFO: [IP_Flow 19-4728] Bus Interface 'ap_rst_n': Added interface parameter 'POLARITY' with value 'ACTIVE_LOW'.
INFO: [IP_Flow 19-4728] Bus Interface 'ap_clk': Added interface parameter 'ASSOCIATED_BUSIF' with value 's_axilite'.
INFO: [IP_Flow 19-4728] Bus Interface 'ap_clk': Added interface parameter 'ASSOCIATED_RESET' with value 'ap_rst_n'.
INFO: [IP_Flow 19-818] Not transferring value dependency attribute "(spirit:ceil(spirit:log(2,(spirit:decode(id('MODELPARAM_VALUE.DEPTH')) * (2 ** spirit:ceil(spirit:log(2,((spirit:decode(id('MODELPARAM_VALUE.WIDTH')) + 31) / 32))))))) + 2)" into user parameter "AXILITE_ADDR_WIDTH".
INFO: [IP_Flow 19-818] Not transferring value dependency attribute "((spirit:decode(id('MODELPARAM_VALUE.SETS')) > 2) ? spirit:ceil(spirit:log(2,spirit:decode(id('MODELPARAM_VALUE.SETS')))) : 1)" into user parameter "SET_BITS".
WARNING: [IP_Flow 19-11770] Clock interface 'ap_clk' has no FREQ_HZ parameter.
WARNING: [IP_Flow 19-5661] Bus Interface 'ap_clk2x' does not have any bus interfaces associated with it.
WARNING: [IP_Flow 19-11770] Clock interface 'ap_clk2x' has no FREQ_HZ parameter.
# connect_bd_intf_net [get_bd_intf_pins MVAU_hls_3/MVAU_hls_3_wstrm/m_axis_0] [get_bd_intf_pins MVAU_hls_3/MVAU_hls_3/in1_V]
# connect_bd_net [get_bd_pins MVAU_hls_3/ap_rst_n] [get_bd_pins MVAU_hls_3/MVAU_hls_3_wstrm/ap_rst_n]
# connect_bd_net [get_bd_pins MVAU_hls_3/ap_clk] [get_bd_pins MVAU_hls_3/MVAU_hls_3_wstrm/ap_clk]
# connect_bd_net [get_bd_pins MVAU_hls_3/ap_clk] [get_bd_pins MVAU_hls_3/MVAU_hls_3_wstrm/ap_clk2x]
# connect_bd_net [get_bd_pins MVAU_hls_3/ap_rst_n] [get_bd_pins MVAU_hls_3/MVAU_hls_3/ap_rst_n]
# connect_bd_net [get_bd_pins MVAU_hls_3/ap_clk] [get_bd_pins MVAU_hls_3/MVAU_hls_3/ap_clk]
# connect_bd_intf_net [get_bd_intf_pins MVAU_hls_3/in0_V] [get_bd_intf_pins MVAU_hls_3/MVAU_hls_3/in0_V]
# connect_bd_intf_net [get_bd_intf_pins MVAU_hls_3/out0_V] [get_bd_intf_pins MVAU_hls_3/MVAU_hls_3/out0_V]
# save_bd_design
Wrote  : </home/kirthanar/brainsmith_projects/lenet/build/vivado_stitch_proj_ne6oa2sk/finn_vivado_stitch_proj.srcs/sources_1/bd/finn_design/finn_design.bd> 
# add_files -norecurse /home/kirthanar/brainsmith_projects/lenet/build/code_gen_ipgen_StreamingFIFO_rtl_9_f10bvv0y/Q_srl.v
# add_files -norecurse /home/kirthanar/brainsmith_projects/lenet/build/code_gen_ipgen_StreamingFIFO_rtl_9_f10bvv0y/StreamingFIFO_rtl_9.v
# create_bd_cell -type module -reference StreamingFIFO_rtl_9 StreamingFIFO_rtl_9
INFO: [IP_Flow 19-5107] Inferred bus interface 'ap_clk' of definition 'xilinx.com:signal:clock:1.0' (from X_INTERFACE_INFO parameter from HDL file).
INFO: [IP_Flow 19-5107] Inferred bus interface 'ap_clk' of definition 'xilinx.com:signal:clock:1.0' (from 'X_INTERFACE_INFO' attribute).
INFO: [IP_Flow 19-5107] Inferred bus interface 'in0_V' of definition 'xilinx.com:interface:axis:1.0' (from Xilinx Repository).
INFO: [IP_Flow 19-5107] Inferred bus interface 'out0_V' of definition 'xilinx.com:interface:axis:1.0' (from Xilinx Repository).
INFO: [IP_Flow 19-5107] Inferred bus interface 'ap_rst_n' of definition 'xilinx.com:signal:reset:1.0' (from Xilinx Repository).
INFO: [IP_Flow 19-4728] Bus Interface 'ap_rst_n': Added interface parameter 'POLARITY' with value 'ACTIVE_LOW'.
INFO: [IP_Flow 19-4728] Bus Interface 'ap_clk': Added interface parameter 'ASSOCIATED_RESET' with value 'ap_rst_n'.
INFO: [IP_Flow 19-4728] Bus Interface 'ap_clk': Added interface parameter 'ASSOCIATED_BUSIF' with value 'in0_V'.
WARNING: [IP_Flow 19-11770] Clock interface 'ap_clk' has no FREQ_HZ parameter.
# file mkdir ./ip/verilog/rtl_ops/MVAU_rtl_0
# create_bd_cell -type hier MVAU_rtl_0
# create_bd_pin -dir I -type clk /MVAU_rtl_0/ap_clk
# create_bd_pin -dir I -type rst /MVAU_rtl_0/ap_rst_n
# create_bd_intf_pin -mode Master -vlnv xilinx.com:interface:axis_rtl:1.0 /MVAU_rtl_0/out0_V
# create_bd_intf_pin -mode Slave -vlnv xilinx.com:interface:axis_rtl:1.0 /MVAU_rtl_0/in0_V
# add_files -norecurse /home/kirthanar/brainsmith_projects/lenet/build/code_gen_ipgen_MVAU_rtl_0_4fpc3udr/MVAU_rtl_0_wrapper.v
# add_files -norecurse /home/kirthanar/brainsmith/deps/finn/finn-rtllib/mvu/mvu_pkg.sv
# add_files -norecurse /home/kirthanar/brainsmith/deps/finn/finn-rtllib/mvu/mvu_vvu_axi.sv
# add_files -norecurse /home/kirthanar/brainsmith/deps/finn/finn-rtllib/mvu/replay_buffer.sv
# add_files -norecurse /home/kirthanar/brainsmith/deps/finn/finn-rtllib/mvu/mvu.sv
# add_files -norecurse /home/kirthanar/brainsmith/deps/finn/finn-rtllib/mvu/mvu_vvu_8sx9_dsp58.sv
# add_files -norecurse /home/kirthanar/brainsmith/deps/finn/finn-rtllib/mvu/add_multi.sv
# create_bd_cell -type hier -reference MVAU_rtl_0 /MVAU_rtl_0/MVAU_rtl_0
INFO: [BD 41-1695] Exec TCL: Specified '-reference' and/or '-hier' option will be ignored while creating 'hier' cell 'MVAU_rtl_0'.
INFO: [IP_Flow 19-5107] Inferred bus interface 'ap_clk' of definition 'xilinx.com:signal:clock:1.0' (from X_INTERFACE_INFO parameter from HDL file).
INFO: [IP_Flow 19-5107] Inferred bus interface 'ap_clk' of definition 'xilinx.com:signal:clock:1.0' (from 'X_INTERFACE_INFO' attribute).
INFO: [IP_Flow 19-5107] Inferred bus interface 'ap_clk2x' of definition 'xilinx.com:signal:clock:1.0' (from X_INTERFACE_INFO parameter from HDL file).
INFO: [IP_Flow 19-5107] Inferred bus interface 'ap_clk2x' of definition 'xilinx.com:signal:clock:1.0' (from 'X_INTERFACE_INFO' attribute).
INFO: [IP_Flow 19-5107] Inferred bus interface 'in0_V' of definition 'xilinx.com:interface:axis:1.0' (from Xilinx Repository).
INFO: [IP_Flow 19-5107] Inferred bus interface 'in1_V' of definition 'xilinx.com:interface:axis:1.0' (from Xilinx Repository).
INFO: [IP_Flow 19-5107] Inferred bus interface 'out0_V' of definition 'xilinx.com:interface:axis:1.0' (from Xilinx Repository).
INFO: [IP_Flow 19-5107] Inferred bus interface 'ap_rst_n' of definition 'xilinx.com:signal:reset:1.0' (from Xilinx Repository).
INFO: [IP_Flow 19-4728] Bus Interface 'ap_rst_n': Added interface parameter 'POLARITY' with value 'ACTIVE_LOW'.
INFO: [IP_Flow 19-4728] Bus Interface 'ap_clk': Added interface parameter 'ASSOCIATED_BUSIF' with value 'in1_V'.
INFO: [IP_Flow 19-4728] Bus Interface 'ap_clk': Added interface parameter 'ASSOCIATED_RESET' with value 'ap_rst_n'.
INFO: [IP_Flow 19-4728] Bus Interface 'ap_clk2x': Added interface parameter 'ASSOCIATED_RESET' with value 'ap_rst_n'.
INFO: [IP_Flow 19-818] Not transferring value dependency attribute "(((((spirit:decode(id('MODELPARAM_VALUE.PE')) * spirit:decode(id('MODELPARAM_VALUE.SIMD'))) * spirit:decode(id('MODELPARAM_VALUE.WEIGHT_WIDTH'))) + 7) / 8) * 8)" into user parameter "WEIGHT_STREAM_WIDTH_BA".
INFO: [IP_Flow 19-818] Not transferring value dependency attribute "(((((((spirit:decode(id('MODELPARAM_VALUE.IS_MVU')) = 1) ? 1 : spirit:decode(id('MODELPARAM_VALUE.PE'))) * spirit:decode(id('MODELPARAM_VALUE.SIMD'))) * spirit:decode(id('MODELPARAM_VALUE.ACTIVATION_WIDTH'))) + 7) / 8) * 8)" into user parameter "INPUT_STREAM_WIDTH_BA".
INFO: [IP_Flow 19-818] Not transferring value dependency attribute "((((spirit:decode(id('MODELPARAM_VALUE.PE')) * spirit:decode(id('MODELPARAM_VALUE.ACCU_WIDTH'))) + 7) / 8) * 8)" into user parameter "OUTPUT_STREAM_WIDTH_BA".
WARNING: [IP_Flow 19-11770] Clock interface 'ap_clk' has no FREQ_HZ parameter.
WARNING: [IP_Flow 19-5661] Bus Interface 'ap_clk2x' does not have any bus interfaces associated with it.
WARNING: [IP_Flow 19-11770] Clock interface 'ap_clk2x' has no FREQ_HZ parameter.
# connect_bd_net [get_bd_pins MVAU_rtl_0/ap_clk] [get_bd_pins MVAU_rtl_0/MVAU_rtl_0/ap_clk2x]
# add_files -copy_to ./ip/verilog/rtl_ops/MVAU_rtl_0 -norecurse /home/kirthanar/brainsmith_projects/lenet/build/code_gen_ipgen_MVAU_rtl_0_4fpc3udr/MVAU_rtl_0_memstream_wrapper.v
# add_files -copy_to ./ip/verilog/rtl_ops/MVAU_rtl_0 -norecurse /home/kirthanar/brainsmith/deps/finn/finn-rtllib/axi/hdl/axilite.sv
# add_files -copy_to ./ip/verilog/rtl_ops/MVAU_rtl_0 -norecurse /home/kirthanar/brainsmith/deps/finn/finn-rtllib/memstream/hdl/memstream_axi.sv
# add_files -copy_to ./ip/verilog/rtl_ops/MVAU_rtl_0 -norecurse /home/kirthanar/brainsmith/deps/finn/finn-rtllib/memstream/hdl/memstream.sv
# create_bd_cell -type hier -reference MVAU_rtl_0_memstream_wrapper /MVAU_rtl_0/MVAU_rtl_0_wstrm
INFO: [BD 41-1695] Exec TCL: Specified '-reference' and/or '-hier' option will be ignored while creating 'hier' cell 'MVAU_rtl_0_wstrm'.
INFO: [IP_Flow 19-5107] Inferred bus interface 'ap_clk' of definition 'xilinx.com:signal:clock:1.0' (from X_INTERFACE_INFO parameter from HDL file).
INFO: [IP_Flow 19-5107] Inferred bus interface 'ap_clk' of definition 'xilinx.com:signal:clock:1.0' (from 'X_INTERFACE_INFO' attribute).
INFO: [IP_Flow 19-5107] Inferred bus interface 'ap_clk2x' of definition 'xilinx.com:signal:clock:1.0' (from X_INTERFACE_INFO parameter from HDL file).
INFO: [IP_Flow 19-5107] Inferred bus interface 'ap_clk2x' of definition 'xilinx.com:signal:clock:1.0' (from 'X_INTERFACE_INFO' attribute).
INFO: [IP_Flow 19-5107] Inferred bus interface 'm_axis_0' of definition 'xilinx.com:interface:axis:1.0' (from Xilinx Repository).
INFO: [IP_Flow 19-5107] Inferred bus interface 's_axis_0' of definition 'xilinx.com:interface:axis:1.0' (from Xilinx Repository).
INFO: [IP_Flow 19-5107] Inferred bus interface 's_axilite' of definition 'xilinx.com:interface:aximm:1.0' (from Xilinx Repository).
INFO: [IP_Flow 19-5107] Inferred bus interface 'ap_rst_n' of definition 'xilinx.com:signal:reset:1.0' (from Xilinx Repository).
INFO: [IP_Flow 19-4728] Bus Interface 'ap_rst_n': Added interface parameter 'POLARITY' with value 'ACTIVE_LOW'.
INFO: [IP_Flow 19-4728] Bus Interface 'ap_clk': Added interface parameter 'ASSOCIATED_BUSIF' with value 's_axilite'.
INFO: [IP_Flow 19-4728] Bus Interface 'ap_clk': Added interface parameter 'ASSOCIATED_RESET' with value 'ap_rst_n'.
INFO: [IP_Flow 19-818] Not transferring value dependency attribute "(spirit:ceil(spirit:log(2,(spirit:decode(id('MODELPARAM_VALUE.DEPTH')) * (2 ** spirit:ceil(spirit:log(2,((spirit:decode(id('MODELPARAM_VALUE.WIDTH')) + 31) / 32))))))) + 2)" into user parameter "AXILITE_ADDR_WIDTH".
INFO: [IP_Flow 19-818] Not transferring value dependency attribute "((spirit:decode(id('MODELPARAM_VALUE.SETS')) > 2) ? spirit:ceil(spirit:log(2,spirit:decode(id('MODELPARAM_VALUE.SETS')))) : 1)" into user parameter "SET_BITS".
WARNING: [IP_Flow 19-11770] Clock interface 'ap_clk' has no FREQ_HZ parameter.
WARNING: [IP_Flow 19-5661] Bus Interface 'ap_clk2x' does not have any bus interfaces associated with it.
WARNING: [IP_Flow 19-11770] Clock interface 'ap_clk2x' has no FREQ_HZ parameter.
# connect_bd_intf_net [get_bd_intf_pins MVAU_rtl_0/MVAU_rtl_0_wstrm/m_axis_0] [get_bd_intf_pins MVAU_rtl_0/MVAU_rtl_0/in1_V]
# connect_bd_net [get_bd_pins MVAU_rtl_0/ap_rst_n] [get_bd_pins MVAU_rtl_0/MVAU_rtl_0_wstrm/ap_rst_n]
# connect_bd_net [get_bd_pins MVAU_rtl_0/ap_clk] [get_bd_pins MVAU_rtl_0/MVAU_rtl_0_wstrm/ap_clk]
# connect_bd_net [get_bd_pins MVAU_rtl_0/ap_clk] [get_bd_pins MVAU_rtl_0/MVAU_rtl_0_wstrm/ap_clk2x]
# connect_bd_net [get_bd_pins MVAU_rtl_0/ap_rst_n] [get_bd_pins MVAU_rtl_0/MVAU_rtl_0/ap_rst_n]
# connect_bd_net [get_bd_pins MVAU_rtl_0/ap_clk] [get_bd_pins MVAU_rtl_0/MVAU_rtl_0/ap_clk]
# connect_bd_intf_net [get_bd_intf_pins MVAU_rtl_0/in0_V] [get_bd_intf_pins MVAU_rtl_0/MVAU_rtl_0/in0_V]
# connect_bd_intf_net [get_bd_intf_pins MVAU_rtl_0/out0_V] [get_bd_intf_pins MVAU_rtl_0/MVAU_rtl_0/out0_V]
# save_bd_design
Wrote  : </home/kirthanar/brainsmith_projects/lenet/build/vivado_stitch_proj_ne6oa2sk/finn_vivado_stitch_proj.srcs/sources_1/bd/finn_design/finn_design.bd> 
# add_files -norecurse /home/kirthanar/brainsmith_projects/lenet/build/code_gen_ipgen_StreamingFIFO_rtl_10_8yubflck/Q_srl.v
# add_files -norecurse /home/kirthanar/brainsmith_projects/lenet/build/code_gen_ipgen_StreamingFIFO_rtl_10_8yubflck/StreamingFIFO_rtl_10.v
# create_bd_cell -type module -reference StreamingFIFO_rtl_10 StreamingFIFO_rtl_10
INFO: [IP_Flow 19-5107] Inferred bus interface 'ap_clk' of definition 'xilinx.com:signal:clock:1.0' (from X_INTERFACE_INFO parameter from HDL file).
INFO: [IP_Flow 19-5107] Inferred bus interface 'ap_clk' of definition 'xilinx.com:signal:clock:1.0' (from 'X_INTERFACE_INFO' attribute).
INFO: [IP_Flow 19-5107] Inferred bus interface 'in0_V' of definition 'xilinx.com:interface:axis:1.0' (from Xilinx Repository).
INFO: [IP_Flow 19-5107] Inferred bus interface 'out0_V' of definition 'xilinx.com:interface:axis:1.0' (from Xilinx Repository).
INFO: [IP_Flow 19-5107] Inferred bus interface 'ap_rst_n' of definition 'xilinx.com:signal:reset:1.0' (from Xilinx Repository).
INFO: [IP_Flow 19-4728] Bus Interface 'ap_rst_n': Added interface parameter 'POLARITY' with value 'ACTIVE_LOW'.
INFO: [IP_Flow 19-4728] Bus Interface 'ap_clk': Added interface parameter 'ASSOCIATED_RESET' with value 'ap_rst_n'.
INFO: [IP_Flow 19-4728] Bus Interface 'ap_clk': Added interface parameter 'ASSOCIATED_BUSIF' with value 'in0_V'.
WARNING: [IP_Flow 19-11770] Clock interface 'ap_clk' has no FREQ_HZ parameter.
# make_bd_pins_external [get_bd_pins StreamingFIFO_rtl_0/ap_clk]
# set_property name ap_clk [get_bd_ports ap_clk_0]
# make_bd_pins_external [get_bd_pins StreamingFIFO_rtl_0/ap_rst_n]
# set_property name ap_rst_n [get_bd_ports ap_rst_n_0]
# connect_bd_net [get_bd_ports ap_rst_n] [get_bd_pins Thresholding_rtl_0/ap_rst_n]
# connect_bd_net [get_bd_ports ap_clk] [get_bd_pins Thresholding_rtl_0/ap_clk]
# connect_bd_intf_net [get_bd_intf_pins StreamingFIFO_rtl_0/out0_V] [get_bd_intf_pins Thresholding_rtl_0/in0_V]
# connect_bd_net [get_bd_ports ap_rst_n] [get_bd_pins StreamingFIFO_rtl_1/ap_rst_n]
# connect_bd_net [get_bd_ports ap_clk] [get_bd_pins StreamingFIFO_rtl_1/ap_clk]
# connect_bd_intf_net [get_bd_intf_pins Thresholding_rtl_0/out0_V] [get_bd_intf_pins StreamingFIFO_rtl_1/in0_V]
# connect_bd_net [get_bd_ports ap_rst_n] [get_bd_pins FMPadding_rtl_0/ap_rst_n]
# connect_bd_net [get_bd_ports ap_clk] [get_bd_pins FMPadding_rtl_0/ap_clk]
# connect_bd_intf_net [get_bd_intf_pins StreamingFIFO_rtl_1/out0_V] [get_bd_intf_pins FMPadding_rtl_0/in0_V]
# connect_bd_net [get_bd_ports ap_rst_n] [get_bd_pins StreamingFIFO_rtl_2/ap_rst_n]
# connect_bd_net [get_bd_ports ap_clk] [get_bd_pins StreamingFIFO_rtl_2/ap_clk]
# connect_bd_intf_net [get_bd_intf_pins FMPadding_rtl_0/out0_V] [get_bd_intf_pins StreamingFIFO_rtl_2/in0_V]
# connect_bd_net [get_bd_ports ap_rst_n] [get_bd_pins ConvolutionInputGenerator_rtl_0/ap_rst_n]
# connect_bd_net [get_bd_ports ap_clk] [get_bd_pins ConvolutionInputGenerator_rtl_0/ap_clk]
# connect_bd_intf_net [get_bd_intf_pins StreamingFIFO_rtl_2/out0_V] [get_bd_intf_pins ConvolutionInputGenerator_rtl_0/in0_V]
# connect_bd_net [get_bd_ports ap_rst_n] [get_bd_pins StreamingFIFO_rtl_3/ap_rst_n]
# connect_bd_net [get_bd_ports ap_clk] [get_bd_pins StreamingFIFO_rtl_3/ap_clk]
# connect_bd_intf_net [get_bd_intf_pins ConvolutionInputGenerator_rtl_0/out0_V] [get_bd_intf_pins StreamingFIFO_rtl_3/in0_V]
# connect_bd_net [get_bd_ports ap_rst_n] [get_bd_pins MVAU_hls_0/ap_rst_n]
# connect_bd_net [get_bd_ports ap_clk] [get_bd_pins MVAU_hls_0/ap_clk]
# connect_bd_intf_net [get_bd_intf_pins StreamingFIFO_rtl_3/out0_V] [get_bd_intf_pins MVAU_hls_0/in0_V]
# connect_bd_net [get_bd_ports ap_rst_n] [get_bd_pins StreamingFIFO_rtl_4/ap_rst_n]
# connect_bd_net [get_bd_ports ap_clk] [get_bd_pins StreamingFIFO_rtl_4/ap_clk]
# connect_bd_intf_net [get_bd_intf_pins MVAU_hls_0/out0_V] [get_bd_intf_pins StreamingFIFO_rtl_4/in0_V]
# connect_bd_net [get_bd_ports ap_rst_n] [get_bd_pins ConvolutionInputGenerator_rtl_1/ap_rst_n]
# connect_bd_net [get_bd_ports ap_clk] [get_bd_pins ConvolutionInputGenerator_rtl_1/ap_clk]
# connect_bd_intf_net [get_bd_intf_pins StreamingFIFO_rtl_4/out0_V] [get_bd_intf_pins ConvolutionInputGenerator_rtl_1/in0_V]
# connect_bd_net [get_bd_ports ap_rst_n] [get_bd_pins StreamingFIFO_rtl_5/ap_rst_n]
# connect_bd_net [get_bd_ports ap_clk] [get_bd_pins StreamingFIFO_rtl_5/ap_clk]
# connect_bd_intf_net [get_bd_intf_pins ConvolutionInputGenerator_rtl_1/out0_V] [get_bd_intf_pins StreamingFIFO_rtl_5/in0_V]
# connect_bd_net [get_bd_ports ap_rst_n] [get_bd_pins MVAU_hls_1/ap_rst_n]
# connect_bd_net [get_bd_ports ap_clk] [get_bd_pins MVAU_hls_1/ap_clk]
# connect_bd_intf_net [get_bd_intf_pins StreamingFIFO_rtl_5/out0_V] [get_bd_intf_pins MVAU_hls_1/in0_V]
# connect_bd_net [get_bd_ports ap_rst_n] [get_bd_pins StreamingFIFO_rtl_6/ap_rst_n]
# connect_bd_net [get_bd_ports ap_clk] [get_bd_pins StreamingFIFO_rtl_6/ap_clk]
# connect_bd_intf_net [get_bd_intf_pins MVAU_hls_1/out0_V] [get_bd_intf_pins StreamingFIFO_rtl_6/in0_V]
# connect_bd_net [get_bd_ports ap_rst_n] [get_bd_pins ConvolutionInputGenerator_rtl_2/ap_rst_n]
# connect_bd_net [get_bd_ports ap_clk] [get_bd_pins ConvolutionInputGenerator_rtl_2/ap_clk]
# connect_bd_intf_net [get_bd_intf_pins StreamingFIFO_rtl_6/out0_V] [get_bd_intf_pins ConvolutionInputGenerator_rtl_2/in0_V]
# connect_bd_net [get_bd_ports ap_rst_n] [get_bd_pins StreamingFIFO_rtl_7/ap_rst_n]
# connect_bd_net [get_bd_ports ap_clk] [get_bd_pins StreamingFIFO_rtl_7/ap_clk]
# connect_bd_intf_net [get_bd_intf_pins ConvolutionInputGenerator_rtl_2/out0_V] [get_bd_intf_pins StreamingFIFO_rtl_7/in0_V]
# connect_bd_net [get_bd_ports ap_rst_n] [get_bd_pins MVAU_hls_2/ap_rst_n]
# connect_bd_net [get_bd_ports ap_clk] [get_bd_pins MVAU_hls_2/ap_clk]
# connect_bd_intf_net [get_bd_intf_pins StreamingFIFO_rtl_7/out0_V] [get_bd_intf_pins MVAU_hls_2/in0_V]
# connect_bd_net [get_bd_ports ap_rst_n] [get_bd_pins StreamingFIFO_rtl_8/ap_rst_n]
# connect_bd_net [get_bd_ports ap_clk] [get_bd_pins StreamingFIFO_rtl_8/ap_clk]
# connect_bd_intf_net [get_bd_intf_pins MVAU_hls_2/out0_V] [get_bd_intf_pins StreamingFIFO_rtl_8/in0_V]
# connect_bd_net [get_bd_ports ap_rst_n] [get_bd_pins MVAU_hls_3/ap_rst_n]
# connect_bd_net [get_bd_ports ap_clk] [get_bd_pins MVAU_hls_3/ap_clk]
# connect_bd_intf_net [get_bd_intf_pins StreamingFIFO_rtl_8/out0_V] [get_bd_intf_pins MVAU_hls_3/in0_V]
# connect_bd_net [get_bd_ports ap_rst_n] [get_bd_pins StreamingFIFO_rtl_9/ap_rst_n]
# connect_bd_net [get_bd_ports ap_clk] [get_bd_pins StreamingFIFO_rtl_9/ap_clk]
# connect_bd_intf_net [get_bd_intf_pins MVAU_hls_3/out0_V] [get_bd_intf_pins StreamingFIFO_rtl_9/in0_V]
# connect_bd_net [get_bd_ports ap_rst_n] [get_bd_pins MVAU_rtl_0/ap_rst_n]
# connect_bd_net [get_bd_ports ap_clk] [get_bd_pins MVAU_rtl_0/ap_clk]
# connect_bd_intf_net [get_bd_intf_pins StreamingFIFO_rtl_9/out0_V] [get_bd_intf_pins MVAU_rtl_0/in0_V]
# connect_bd_net [get_bd_ports ap_rst_n] [get_bd_pins StreamingFIFO_rtl_10/ap_rst_n]
# connect_bd_net [get_bd_ports ap_clk] [get_bd_pins StreamingFIFO_rtl_10/ap_clk]
# connect_bd_intf_net [get_bd_intf_pins MVAU_rtl_0/out0_V] [get_bd_intf_pins StreamingFIFO_rtl_10/in0_V]
# make_bd_intf_pins_external [get_bd_intf_pins StreamingFIFO_rtl_0/in0_V]
# set_property name s_axis_0 [get_bd_intf_ports in0_V_0]
# make_bd_intf_pins_external [get_bd_intf_pins StreamingFIFO_rtl_10/out0_V]
# set_property name m_axis_0 [get_bd_intf_ports out0_V_0]
# set_property CONFIG.FREQ_HZ 50000000 [get_bd_ports /ap_clk]
# save_bd_design
Wrote  : </home/kirthanar/brainsmith_projects/lenet/build/vivado_stitch_proj_ne6oa2sk/finn_vivado_stitch_proj.srcs/sources_1/bd/finn_design/finn_design.bd> 
# validate_bd_design
CRITICAL WARNING: [BD 41-759] The input pins (listed below) are either not connected or do not have a source port, and they don't have a tie-off specified. These pins are tied-off to all 0's to avoid error in Implementation flow.
Please check your design and connect them as needed: 
/Thresholding_rtl_0/in1_V_TVALID
/MVAU_hls_0/MVAU_hls_0_wstrm/s_axis_0_tvalid
/MVAU_hls_1/MVAU_hls_1_wstrm/s_axis_0_tvalid
/MVAU_hls_2/MVAU_hls_2_wstrm/s_axis_0_tvalid
/MVAU_hls_3/MVAU_hls_3_wstrm/s_axis_0_tvalid
/MVAU_rtl_0/MVAU_rtl_0_wstrm/s_axis_0_tvalid

# save_bd_design
Wrote  : </home/kirthanar/brainsmith_projects/lenet/build/vivado_stitch_proj_ne6oa2sk/finn_vivado_stitch_proj.srcs/sources_1/bd/finn_design/finn_design.bd> 
# make_wrapper -files [get_files /home/kirthanar/brainsmith_projects/lenet/build/vivado_stitch_proj_ne6oa2sk/finn_vivado_stitch_proj.srcs/sources_1/bd/finn_design/finn_design.bd] -top
INFO: [BD 41-1662] The design 'finn_design.bd' is already validated. Therefore parameter propagation will not be re-run.
CRITICAL WARNING: [BD 41-759] The input pins (listed below) are either not connected or do not have a source port, and they don't have a tie-off specified. These pins are tied-off to all 0's to avoid error in Implementation flow.
Please check your design and connect them as needed: 
/Thresholding_rtl_0/in1_V_TVALID
/MVAU_hls_0/MVAU_hls_0_wstrm/s_axis_0_tvalid
/MVAU_hls_1/MVAU_hls_1_wstrm/s_axis_0_tvalid
/MVAU_hls_2/MVAU_hls_2_wstrm/s_axis_0_tvalid
/MVAU_hls_3/MVAU_hls_3_wstrm/s_axis_0_tvalid
/MVAU_rtl_0/MVAU_rtl_0_wstrm/s_axis_0_tvalid

Verilog Output written to : /home/kirthanar/brainsmith_projects/lenet/build/vivado_stitch_proj_ne6oa2sk/finn_vivado_stitch_proj.gen/sources_1/bd/finn_design/synth/finn_design.v
Verilog Output written to : /home/kirthanar/brainsmith_projects/lenet/build/vivado_stitch_proj_ne6oa2sk/finn_vivado_stitch_proj.gen/sources_1/bd/finn_design/sim/finn_design.v
Verilog Output written to : /home/kirthanar/brainsmith_projects/lenet/build/vivado_stitch_proj_ne6oa2sk/finn_vivado_stitch_proj.gen/sources_1/bd/finn_design/hdl/finn_design_wrapper.v
# add_files -norecurse /home/kirthanar/brainsmith_projects/lenet/build/vivado_stitch_proj_ne6oa2sk/finn_vivado_stitch_proj.srcs/sources_1/bd/finn_design/hdl/finn_design_wrapper.v
INFO: [Project 1-1716] Could not find the wrapper file /home/kirthanar/brainsmith_projects/lenet/build/vivado_stitch_proj_ne6oa2sk/finn_vivado_stitch_proj.srcs/sources_1/bd/finn_design/hdl/finn_design_wrapper.v, checking in project .gen location instead.
INFO: [Vivado 12-12390] Found file /home/kirthanar/brainsmith_projects/lenet/build/vivado_stitch_proj_ne6oa2sk/finn_vivado_stitch_proj.gen/sources_1/bd/finn_design/hdl/finn_design_wrapper.v, adding it to Project
# set_property top finn_design_wrapper [current_fileset]
# ipx::package_project -root_dir /home/kirthanar/brainsmith_projects/lenet/build/vivado_stitch_proj_ne6oa2sk/ip -vendor xilinx_finn -library finn -taxonomy /UserIP -module finn_design -import_files
INFO: [BD 41-1662] The design 'finn_design.bd' is already validated. Therefore parameter propagation will not be re-run.
CRITICAL WARNING: [BD 41-759] The input pins (listed below) are either not connected or do not have a source port, and they don't have a tie-off specified. These pins are tied-off to all 0's to avoid error in Implementation flow.
Please check your design and connect them as needed: 
/Thresholding_rtl_0/in1_V_TVALID
/MVAU_hls_0/MVAU_hls_0_wstrm/s_axis_0_tvalid
/MVAU_hls_1/MVAU_hls_1_wstrm/s_axis_0_tvalid
/MVAU_hls_2/MVAU_hls_2_wstrm/s_axis_0_tvalid
/MVAU_hls_3/MVAU_hls_3_wstrm/s_axis_0_tvalid
/MVAU_rtl_0/MVAU_rtl_0_wstrm/s_axis_0_tvalid

Verilog Output written to : /home/kirthanar/brainsmith_projects/lenet/build/vivado_stitch_proj_ne6oa2sk/finn_vivado_stitch_proj.gen/sources_1/bd/finn_design/synth/finn_design.v
Verilog Output written to : /home/kirthanar/brainsmith_projects/lenet/build/vivado_stitch_proj_ne6oa2sk/finn_vivado_stitch_proj.gen/sources_1/bd/finn_design/sim/finn_design.v
Verilog Output written to : /home/kirthanar/brainsmith_projects/lenet/build/vivado_stitch_proj_ne6oa2sk/finn_vivado_stitch_proj.gen/sources_1/bd/finn_design/hdl/finn_design_wrapper.v
INFO: [BD 41-1029] Generation completed for the IP Integrator block StreamingFIFO_rtl_0 .
INFO: [BD 41-1029] Generation completed for the IP Integrator block Thresholding_rtl_0 .
INFO: [BD 41-1029] Generation completed for the IP Integrator block StreamingFIFO_rtl_1 .
INFO: [BD 41-1029] Generation completed for the IP Integrator block FMPadding_rtl_0 .
INFO: [BD 41-1029] Generation completed for the IP Integrator block StreamingFIFO_rtl_2 .
INFO: [BD 41-1029] Generation completed for the IP Integrator block ConvolutionInputGenerator_rtl_0 .
INFO: [BD 41-1029] Generation completed for the IP Integrator block StreamingFIFO_rtl_3 .
INFO: [BD 41-1029] Generation completed for the IP Integrator block MVAU_hls_0/MVAU_hls_0 .
INFO: [BD 41-1029] Generation completed for the IP Integrator block MVAU_hls_0/MVAU_hls_0_wstrm .
INFO: [BD 41-1029] Generation completed for the IP Integrator block StreamingFIFO_rtl_4 .
INFO: [BD 41-1029] Generation completed for the IP Integrator block ConvolutionInputGenerator_rtl_1 .
INFO: [BD 41-1029] Generation completed for the IP Integrator block StreamingFIFO_rtl_5 .
INFO: [BD 41-1029] Generation completed for the IP Integrator block MVAU_hls_1/MVAU_hls_1 .
INFO: [BD 41-1029] Generation completed for the IP Integrator block MVAU_hls_1/MVAU_hls_1_wstrm .
INFO: [BD 41-1029] Generation completed for the IP Integrator block StreamingFIFO_rtl_6 .
INFO: [BD 41-1029] Generation completed for the IP Integrator block ConvolutionInputGenerator_rtl_2 .
INFO: [BD 41-1029] Generation completed for the IP Integrator block StreamingFIFO_rtl_7 .
INFO: [BD 41-1029] Generation completed for the IP Integrator block MVAU_hls_2/MVAU_hls_2 .
INFO: [BD 41-1029] Generation completed for the IP Integrator block MVAU_hls_2/MVAU_hls_2_wstrm .
INFO: [BD 41-1029] Generation completed for the IP Integrator block StreamingFIFO_rtl_8 .
INFO: [BD 41-1029] Generation completed for the IP Integrator block MVAU_hls_3/MVAU_hls_3 .
INFO: [BD 41-1029] Generation completed for the IP Integrator block MVAU_hls_3/MVAU_hls_3_wstrm .
INFO: [BD 41-1029] Generation completed for the IP Integrator block StreamingFIFO_rtl_9 .
INFO: [BD 41-1029] Generation completed for the IP Integrator block MVAU_rtl_0/MVAU_rtl_0 .
INFO: [BD 41-1029] Generation completed for the IP Integrator block MVAU_rtl_0/MVAU_rtl_0_wstrm .
INFO: [BD 41-1029] Generation completed for the IP Integrator block StreamingFIFO_rtl_10 .
Exporting to file /home/kirthanar/brainsmith_projects/lenet/build/vivado_stitch_proj_ne6oa2sk/finn_vivado_stitch_proj.gen/sources_1/bd/finn_design/hw_handoff/finn_design.hwh
Generated Hardware Definition File /home/kirthanar/brainsmith_projects/lenet/build/vivado_stitch_proj_ne6oa2sk/finn_vivado_stitch_proj.gen/sources_1/bd/finn_design/synth/finn_design.hwdef
INFO: [IP_Flow 19-5654] Module 'finn_design' uses SystemVerilog sources with a Verilog top file. These SystemVerilog files will not be analysed by the packager.
WARNING: [IP_Flow 19-11888] Component Definition 'xilinx_finn:finn:finn_design:1.0 (finn_design_v1_0)': IP description "finn_design_v1_0" is not meaningful: same as name or display name
INFO: [IP_Flow 19-7067] Note that bus interface 's_axis_0' has a fixed FREQ_HZ of '50000000'. This value will be respected whenever this IP is instantiated in IP Integrator.
INFO: [IP_Flow 19-7067] Note that bus interface 'm_axis_0' has a fixed FREQ_HZ of '50000000'. This value will be respected whenever this IP is instantiated in IP Integrator.
INFO: [IP_Flow 19-7067] Note that bus interface 'CLK.AP_CLK' has a fixed FREQ_HZ of '50000000'. This value will be respected whenever this IP is instantiated in IP Integrator.
INFO: [IP_Flow 19-2181] Payment is not required for this core.
WARNING: [IP_Flow 19-2187] The Product Guide file is missing.
# set_property ipi_drc {ignore_freq_hz true} [ipx::current_core]
# ipx::remove_segment -quiet m_axi_gmem0:APERTURE_0 [ipx::get_address_spaces m_axi_gmem0 -of_objects [ipx::current_core]]
# set_property core_revision 2 [ipx::find_open_core xilinx_finn:finn:finn_design:1.0]
# ipx::create_xgui_files [ipx::find_open_core xilinx_finn:finn:finn_design:1.0]
# set_property value_resolve_type user [ipx::get_bus_parameters -of [ipx::get_bus_interfaces -of [ipx::current_core ]]]
# set core [ipx::current_core]
# file copy -force data ip/
# set file_group [ipx::add_file_group -type software_driver {} $core]
# set_property type mdd       [ipx::add_file data/finn_design.mdd $file_group]
# set_property type tclSource [ipx::add_file data/finn_design.tcl $file_group]
# set impl_files [ipx::get_file_groups xilinx_implementation -of $core]
# foreach xci [ipx::get_files -of $impl_files {*.xci}] {
#     ipx::remove_file [get_property NAME $xci] $impl_files
# }
WARNING: [BD 5-233] No interface ports matched 'get_bd_intf_ports -filter CONFIG.PROTOCOL==AXI4LITE'
# foreach port [get_bd_intf_ports -filter {CONFIG.PROTOCOL==AXI4LITE}] {
#     set pin $port
#     set awidth ""
#     while { $awidth == "" } {
#         set pins [get_bd_intf_pins -of [get_bd_intf_nets -boundary_type lower -of $pin]]
#         set kill [lsearch $pins $pin]
#         if { $kill >= 0 } { set pins [lreplace $pins $kill $kill] }
#         if { [llength $pins] != 1 } { break }
#         set pin [lindex $pins 0]
#         set awidth [get_property CONFIG.ADDR_WIDTH $pin]
#     }
#     if { $awidth == "" } {
#        puts "CRITICAL WARNING: Unable to construct address map for $port."
#     } {
#        set range [expr 2**$awidth]
#        set range [expr $range < 4096 ? 4096 : $range]
#        puts "INFO: Building address map for $port: 0+:$range"
#        set name [get_property NAME $port]
#        set addr_block [ipx::add_address_block Reg0 [ipx::add_memory_map $name $core]]
#        set_property range $range $addr_block
#        set_property slave_memory_map_ref $name [ipx::get_bus_interfaces $name -of $core]
#     }
# }
# ipx::update_checksums $core
# ipx::save_core $core
# file rename -force ip/component.xml ip/component.bak
# set ifile [open ip/component.bak r]
# set ofile [open ip/component.xml w]
# set buf [list]
# set kill 0
# while { [eof $ifile] != 1 } {
#     gets $ifile line
#     if { [string match {*<spirit:fileSet>*} $line] == 1 } {
#         foreach l $buf { puts $ofile $l }
#         set buf [list $line]
#     } elseif { [llength $buf] > 0 } {
#         lappend buf $line
# 
#         if { [string match {*</spirit:fileSet>*} $line] == 1 } {
#             if { $kill == 0 } { foreach l $buf { puts $ofile $l } }
#             set buf [list]
#             set kill 0
#         } elseif { [string match {*<xilinx:subCoreRef>*} $line] == 1 } {
#             set kill 1
#         }
#     } else {
#         puts $ofile $line
#     }
# }
# close $ifile
# close $ofile
# proc find_xci_files {dir} {
#     set xci_files [list]
#     foreach file [glob -nocomplain -directory $dir *] {
#         if {[file isdirectory $file]} {
#             # Recursively search subdirectories
#             set subdir_files [find_xci_files $file]
#             set xci_files [concat $xci_files $subdir_files]
#         } elseif {[string match *.xci $file]} {
#             # Add .xci files with absolute paths to the list
#             lappend xci_files [file normalize $file]
#         }
#     }
#     return $xci_files
# }
# set xci_files [find_xci_files "ip/src"]
# foreach xci_file $xci_files {
#     read_ip $xci_file
#     set ip [get_ips -of_objects [get_files $xci_file]]
#     foreach ip_instance $ip {
#         set ip_name [get_property NAME $ip_instance]
#         if {[string match *finn_design* $ip_name]} {
#             continue
#         }
#         generate_target all $ip_instance
#     }
# }
WARNING: [Vivado 12-25524] IP file '/home/kirthanar/brainsmith_projects/lenet/build/vivado_stitch_proj_ne6oa2sk/ip/src/finn_design_MVAU_hls_2_0/finn_design_MVAU_hls_2_0.xci' was created in a subcore context and may not behave as expected when used in a standalone context.
CRITICAL WARNING: [IP_Flow 19-3389] Failed to import IP file '/home/kirthanar/brainsmith_projects/lenet/build/vivado_stitch_proj_ne6oa2sk/ip/src/finn_design_MVAU_hls_2_0/finn_design_MVAU_hls_2_0.xci': IP name 'finn_design_MVAU_hls_2_0' is already in use in this project.  Please choose a different name.

CRITICAL WARNING: [Vivado 12-1503] The IP file '/home/kirthanar/brainsmith_projects/lenet/build/vivado_stitch_proj_ne6oa2sk/ip/src/finn_design_MVAU_hls_2_0/finn_design_MVAU_hls_2_0.xci' cannot be added to the fileset 'sources_1'.
WARNING: [Vivado 12-818] No files matched '/home/kirthanar/brainsmith_projects/lenet/build/vivado_stitch_proj_ne6oa2sk/ip/src/finn_design_MVAU_hls_2_0/finn_design_MVAU_hls_2_0.xci'
WARNING: [Vivado 12-25524] IP file '/home/kirthanar/brainsmith_projects/lenet/build/vivado_stitch_proj_ne6oa2sk/ip/src/finn_design_MVAU_hls_1_0/finn_design_MVAU_hls_1_0.xci' was created in a subcore context and may not behave as expected when used in a standalone context.
CRITICAL WARNING: [IP_Flow 19-3389] Failed to import IP file '/home/kirthanar/brainsmith_projects/lenet/build/vivado_stitch_proj_ne6oa2sk/ip/src/finn_design_MVAU_hls_1_0/finn_design_MVAU_hls_1_0.xci': IP name 'finn_design_MVAU_hls_1_0' is already in use in this project.  Please choose a different name.

CRITICAL WARNING: [Vivado 12-1503] The IP file '/home/kirthanar/brainsmith_projects/lenet/build/vivado_stitch_proj_ne6oa2sk/ip/src/finn_design_MVAU_hls_1_0/finn_design_MVAU_hls_1_0.xci' cannot be added to the fileset 'sources_1'.
WARNING: [Vivado 12-818] No files matched '/home/kirthanar/brainsmith_projects/lenet/build/vivado_stitch_proj_ne6oa2sk/ip/src/finn_design_MVAU_hls_1_0/finn_design_MVAU_hls_1_0.xci'
WARNING: [Vivado 12-25524] IP file '/home/kirthanar/brainsmith_projects/lenet/build/vivado_stitch_proj_ne6oa2sk/ip/src/finn_design_MVAU_hls_3_0/finn_design_MVAU_hls_3_0.xci' was created in a subcore context and may not behave as expected when used in a standalone context.
CRITICAL WARNING: [IP_Flow 19-3389] Failed to import IP file '/home/kirthanar/brainsmith_projects/lenet/build/vivado_stitch_proj_ne6oa2sk/ip/src/finn_design_MVAU_hls_3_0/finn_design_MVAU_hls_3_0.xci': IP name 'finn_design_MVAU_hls_3_0' is already in use in this project.  Please choose a different name.

CRITICAL WARNING: [Vivado 12-1503] The IP file '/home/kirthanar/brainsmith_projects/lenet/build/vivado_stitch_proj_ne6oa2sk/ip/src/finn_design_MVAU_hls_3_0/finn_design_MVAU_hls_3_0.xci' cannot be added to the fileset 'sources_1'.
WARNING: [Vivado 12-818] No files matched '/home/kirthanar/brainsmith_projects/lenet/build/vivado_stitch_proj_ne6oa2sk/ip/src/finn_design_MVAU_hls_3_0/finn_design_MVAU_hls_3_0.xci'
WARNING: [Vivado 12-25524] IP file '/home/kirthanar/brainsmith_projects/lenet/build/vivado_stitch_proj_ne6oa2sk/ip/src/finn_design_MVAU_hls_0_0/finn_design_MVAU_hls_0_0.xci' was created in a subcore context and may not behave as expected when used in a standalone context.
CRITICAL WARNING: [IP_Flow 19-3389] Failed to import IP file '/home/kirthanar/brainsmith_projects/lenet/build/vivado_stitch_proj_ne6oa2sk/ip/src/finn_design_MVAU_hls_0_0/finn_design_MVAU_hls_0_0.xci': IP name 'finn_design_MVAU_hls_0_0' is already in use in this project.  Please choose a different name.

CRITICAL WARNING: [Vivado 12-1503] The IP file '/home/kirthanar/brainsmith_projects/lenet/build/vivado_stitch_proj_ne6oa2sk/ip/src/finn_design_MVAU_hls_0_0/finn_design_MVAU_hls_0_0.xci' cannot be added to the fileset 'sources_1'.
WARNING: [Vivado 12-818] No files matched '/home/kirthanar/brainsmith_projects/lenet/build/vivado_stitch_proj_ne6oa2sk/ip/src/finn_design_MVAU_hls_0_0/finn_design_MVAU_hls_0_0.xci'
# set all_v_files [get_files -filter {USED_IN_SYNTHESIS == 1 && (FILE_TYPE == Verilog || FILE_TYPE == SystemVerilog || FILE_TYPE =="Verilog Header" || FILE_TYPE == XCI)}]
# set fp [open /home/kirthanar/brainsmith_projects/lenet/build/vivado_stitch_proj_ne6oa2sk/all_verilog_srcs.txt w]
# foreach vf $all_v_files {puts $fp $vf}
# close $fp
INFO: [Common 17-206] Exiting Vivado at Thu Jun  4 20:53:51 2026...
